This file contains any messages produced by compilers while
running configure, to aid debugging if configure makes a mistake.

It was created by FULL-PACKAGE-NAME configure VERSION, which was
generated by GNU Autoconf 2.69.  Invocation command line was

  $ ./configure --prefix=/Users/liaoyangguang/GitHub/Kemorin_MHD CFLAGS=-O3 -Wall -g FCFLAGS=-O3 -Wall -g -ffpe-trap=invalid,underflow,denormal -ffpe-summary=invalid,underflow,denormal F77=gfortran FC=gfortran CC=gcc-5 CXX=g++-5 RANLIB=ranlib -c --enable-cocoa --with-blas=yes --enable-gl --enable-glui --enable-libpng --with-zlib=/usr --without-hdf5 --without-pgplot --without-aquaterm PKG_CONFIG_PATH=/usr/lib/pkgconfig:/usr/local/lib/pkgconfig

## --------- ##
## Platform. ##
## --------- ##

hostname = campus-004-212.ucdavis.edu
uname -m = x86_64
uname -r = 17.3.0
uname -s = Darwin
uname -v = Darwin Kernel Version 17.3.0: Thu Nov  9 18:09:22 PST 2017; root:xnu-4570.31.3~1/RELEASE_X86_64

/usr/bin/uname -p = i386
/bin/uname -X     = unknown

/bin/arch              = unknown
/usr/bin/arch -k       = unknown
/usr/convex/getsysinfo = unknown
/usr/bin/hostinfo      = Mach kernel version:
	 Darwin Kernel Version 17.3.0: Thu Nov  9 18:09:22 PST 2017; root:xnu-4570.31.3~1/RELEASE_X86_64
Kernel configured for up to 4 processors.
2 processors are physically available.
4 processors are logically available.
Processor type: x86_64h (Intel x86-64h Haswell)
Processors active: 0 1 2 3
Primary memory available: 8.00 gigabytes
Default processor set: 334 tasks, 1619 threads, 4 processors
Load average: 2.14, Mach factor: 1.88
/bin/machine           = unknown
/usr/bin/oslevel       = unknown
/bin/universe          = unknown

PATH: /opt/local/bin
PATH: /opt/local/sbin
PATH: /opt/local/bin
PATH: /opt/local/sbin
PATH: /Library/Frameworks/Python.framework/Versions/2.7/bin
PATH: /usr/local/bin
PATH: /usr/bin
PATH: /bin
PATH: /usr/sbin
PATH: /sbin
PATH: /Library/TeX/texbin
PATH: /opt/X11/bin
PATH: /usr/local/sbin


## ----------- ##
## Core tests. ##
## ----------- ##

configure:2805: checking for a BSD-compatible install
configure:2873: result: /usr/bin/install -c
configure:2884: checking whether build environment is sane
configure:2939: result: yes
configure:3090: checking for a thread-safe mkdir -p
configure:3129: result: ./install-sh -c -d
configure:3136: checking for gawk
configure:3152: found /opt/local/bin/gawk
configure:3163: result: gawk
configure:3174: checking whether make sets $(MAKE)
configure:3196: result: yes
configure:3225: checking whether make supports nested variables
configure:3242: result: yes
configure:3387: checking build system type
configure:3401: result: x86_64-apple-darwin17.3.0
configure:3421: checking host system type
configure:3434: result: x86_64-apple-darwin17.3.0
configure:4745: result: enable-cocoa... "yes"
configure:4747: result: enable-OpenGL.. "yes"
configure:4749: result: enable-glui...  "yes"
configure:4752: result: enable-fftw3... "no"
configure:4754: result: enable-libpng..."yes"
configure:4756: result: enable-gtk...   "no"
configure:4759: result: with-blas...     "yes"
configure:4761: result: with-zlib...     "/usr"
configure:4763: result: with-aquaterm... "no"
configure:4765: result: with-pgplot...   "no"
configure:4817: checking for gcc
configure:4844: result: gcc-5
configure:5073: checking for C compiler version
configure:5082: gcc-5 --version >&5
gcc-5 (Homebrew gcc 5.2.0) 5.2.0
Copyright (C) 2015 Free Software Foundation, Inc.
This is free software; see the source for copying conditions.  There is NO
warranty; not even for MERCHANTABILITY or FITNESS FOR A PARTICULAR PURPOSE.

configure:5093: $? = 0
configure:5082: gcc-5 -v >&5
Using built-in specs.
COLLECT_GCC=gcc-5
COLLECT_LTO_WRAPPER=/usr/local/Cellar/gcc/5.2.0/libexec/gcc/x86_64-apple-darwin14.4.0/5.2.0/lto-wrapper
Target: x86_64-apple-darwin14.4.0
Configured with: ../configure --build=x86_64-apple-darwin14.4.0 --prefix=/usr/local/Cellar/gcc/5.2.0 --libdir=/usr/local/Cellar/gcc/5.2.0/lib/gcc/5 --enable-languages=c,c++,objc,obj-c++,fortran --program-suffix=-5 --with-gmp=/usr/local/opt/gmp --with-mpfr=/usr/local/opt/mpfr --with-mpc=/usr/local/opt/libmpc --with-isl=/usr/local/opt/isl --with-system-zlib --enable-libstdcxx-time=yes --enable-stage1-checking --enable-checking=release --enable-lto --with-build-config=bootstrap-debug --disable-werror --with-pkgversion='Homebrew gcc 5.2.0' --with-bugurl=https://github.com/Homebrew/homebrew/issues --enable-plugin --disable-nls --enable-multilib
Thread model: posix
gcc version 5.2.0 (Homebrew gcc 5.2.0) 
configure:5093: $? = 0
configure:5082: gcc-5 -V >&5
gcc-5: error: unrecognized command line option '-V'
gcc-5: fatal error: no input files
compilation terminated.
configure:5093: $? = 1
configure:5082: gcc-5 -qversion >&5
gcc-5: error: unrecognized command line option '-qversion'
gcc-5: fatal error: no input files
compilation terminated.
configure:5093: $? = 1
configure:5113: checking whether the C compiler works
configure:5135: gcc-5 -O3 -Wall -g   conftest.c  >&5
configure:5139: $? = 0
configure:5187: result: yes
configure:5190: checking for C compiler default output file name
configure:5192: result: a.out
configure:5198: checking for suffix of executables
configure:5205: gcc-5 -o conftest -O3 -Wall -g   conftest.c  >&5
configure:5209: $? = 0
configure:5231: result: 
configure:5253: checking whether we are cross compiling
configure:5261: gcc-5 -o conftest -O3 -Wall -g   conftest.c  >&5
configure:5265: $? = 0
configure:5272: ./conftest
configure:5276: $? = 0
configure:5291: result: no
configure:5296: checking for suffix of object files
configure:5318: gcc-5 -c -O3 -Wall -g  conftest.c >&5
configure:5322: $? = 0
configure:5343: result: o
configure:5347: checking whether we are using the GNU C compiler
configure:5366: gcc-5 -c -O3 -Wall -g  conftest.c >&5
configure:5366: $? = 0
configure:5375: result: yes
configure:5384: checking whether gcc-5 accepts -g
configure:5404: gcc-5 -c -g  conftest.c >&5
configure:5404: $? = 0
configure:5445: result: yes
configure:5462: checking for gcc-5 option to accept ISO C89
configure:5525: gcc-5  -c -O3 -Wall -g  conftest.c >&5
configure:5525: $? = 0
configure:5538: result: none needed
configure:5563: checking whether gcc-5 understands -c and -o together
configure:5585: gcc-5 -c conftest.c -o conftest2.o
configure:5588: $? = 0
configure:5585: gcc-5 -c conftest.c -o conftest2.o
configure:5588: $? = 0
configure:5600: result: yes
configure:5628: checking for style of include used by make
configure:5656: result: GNU
configure:5682: checking dependency style of gcc-5
configure:5793: result: none
configure:5914: checking for Fortran compiler version
configure:5923: gfortran --version >&5
GNU Fortran (Homebrew gcc 5.2.0) 5.2.0
Copyright (C) 2015 Free Software Foundation, Inc.

GNU Fortran comes with NO WARRANTY, to the extent permitted by law.
You may redistribute copies of GNU Fortran
under the terms of the GNU General Public License.
For more information about these matters, see the file named COPYING

configure:5934: $? = 0
configure:5923: gfortran -v >&5
Using built-in specs.
COLLECT_GCC=gfortran
COLLECT_LTO_WRAPPER=/usr/local/Cellar/gcc/5.2.0/libexec/gcc/x86_64-apple-darwin14.4.0/5.2.0/lto-wrapper
Target: x86_64-apple-darwin14.4.0
Configured with: ../configure --build=x86_64-apple-darwin14.4.0 --prefix=/usr/local/Cellar/gcc/5.2.0 --libdir=/usr/local/Cellar/gcc/5.2.0/lib/gcc/5 --enable-languages=c,c++,objc,obj-c++,fortran --program-suffix=-5 --with-gmp=/usr/local/opt/gmp --with-mpfr=/usr/local/opt/mpfr --with-mpc=/usr/local/opt/libmpc --with-isl=/usr/local/opt/isl --with-system-zlib --enable-libstdcxx-time=yes --enable-stage1-checking --enable-checking=release --enable-lto --with-build-config=bootstrap-debug --disable-werror --with-pkgversion='Homebrew gcc 5.2.0' --with-bugurl=https://github.com/Homebrew/homebrew/issues --enable-plugin --disable-nls --enable-multilib
Thread model: posix
gcc version 5.2.0 (Homebrew gcc 5.2.0) 
configure:5934: $? = 0
configure:5923: gfortran -V >&5
gfortran: error: unrecognized command line option '-V'
gfortran: fatal error: no input files
compilation terminated.
configure:5934: $? = 1
configure:5923: gfortran -qversion >&5
gfortran: error: unrecognized command line option '-qversion'
gfortran: fatal error: no input files
compilation terminated.
configure:5934: $? = 1
configure:5943: checking whether we are using the GNU Fortran compiler
configure:5956: gfortran -c -O3 -Wall -g -ffpe-trap=invalid,underflow,denormal -ffpe-summary=invalid,underflow,denormal  conftest.F >&5
configure:5956: $? = 0
configure:5965: result: yes
configure:5971: checking whether gfortran accepts -g
configure:5982: gfortran -c -g  conftest.f >&5
configure:5982: $? = 0
configure:5990: result: yes
configure:6062: checking for ranlib
configure:6089: result: ranlib -c
configure:6111: result: RANLIB... "ranlib -c"
configure:6136: checking whether make sets $(MAKE)
configure:6158: result: yes
configure:6210: checking for ranlib
configure:6237: result: ranlib -c
configure:6261: checking for GNU make
configure:6276: result: make
configure:6289: result: GNU MAKE... "make"
configure:6342: checking for pkg-config
configure:6360: found /opt/local/bin/pkg-config
configure:6372: result: /opt/local/bin/pkg-config
configure:6397: checking pkg-config is at least version 0.9.0
configure:6400: result: yes
configure:6422: checking for OpenMP flag of C compiler
configure:6458: gcc-5 -o conftest -O3 -Wall -g -openmp   conftest.c  >&5
Undefined symbols for architecture x86_64:
  "_omp_set_num_threads", referenced from:
      _main in ccL58bjp.o
ld: symbol(s) not found for architecture x86_64
collect2: error: ld returned 1 exit status
configure:6458: $? = 1
configure: failed program was:
| /* confdefs.h */
| #define PACKAGE_NAME "FULL-PACKAGE-NAME"
| #define PACKAGE_TARNAME "full-package-name"
| #define PACKAGE_VERSION "VERSION"
| #define PACKAGE_STRING "FULL-PACKAGE-NAME VERSION"
| #define PACKAGE_BUGREPORT "BUG-REPORT-ADDRESS"
| #define PACKAGE_URL ""
| #define PACKAGE "full-package-name"
| #define VERSION "VERSION"
| /* end confdefs.h.  */
| 
| /* Override any GCC internal prototype to avoid an error.
|    Use char because int might match the return type of a GCC
|    builtin and then its argument prototype would still apply.  */
| #ifdef __cplusplus
| extern "C"
| #endif
| char omp_set_num_threads ();
| int
| main ()
| {
| return omp_set_num_threads ();
|   ;
|   return 0;
| }
configure:6458: gcc-5 -o conftest -O3 -Wall -g -fopenmp   conftest.c  >&5
configure:6458: $? = 0
configure:6467: result: -fopenmp
configure:6491: checking for mpicc
configure:6507: found /usr/local/bin/mpicc
configure:6518: result: mpicc
configure:6536: checking for MPI_Init
configure:6536: mpicc -o conftest -O3 -Wall -g   conftest.c  >&5
configure:6536: $? = 0
configure:6536: result: yes
configure:6629: checking for mpi.h
configure:6642: mpicc -c -O3 -Wall -g  conftest.c >&5
configure:6642: $? = 0
configure:6643: result: yes
configure:6686: checking for OpenMP flag of Fortran compiler
configure:6709: gfortran -o conftest -O3 -Wall -g -ffpe-trap=invalid,underflow,denormal -ffpe-summary=invalid,underflow,denormal -openmp   conftest.f  >&5
Undefined symbols for architecture x86_64:
  "_omp_set_num_threads_", referenced from:
      _main in ccyOIA08.o
ld: symbol(s) not found for architecture x86_64
collect2: error: ld returned 1 exit status
configure:6709: $? = 1
configure: failed program was:
|       program main
|       call omp_set_num_threads
|       end
configure:6709: gfortran -o conftest -O3 -Wall -g -ffpe-trap=invalid,underflow,denormal -ffpe-summary=invalid,underflow,denormal -fopenmp   conftest.f  >&5
configure:6709: $? = 0
configure:6718: result: -fopenmp
configure:6742: checking for mpif90
configure:6758: found /usr/local/bin/mpif90
configure:6769: result: mpif90
configure:6925: checking for mpif.h
configure:6932: mpif90 -c -O3 -Wall -g -ffpe-trap=invalid,underflow,denormal -ffpe-summary=invalid,underflow,denormal  conftest.f >&5
configure:6932: $? = 0
configure:6933: result: yes
configure:6970: checking for a sed that does not truncate output
configure:7034: result: /usr/bin/sed
configure:7039: checking for grep that handles long lines and -e
configure:7097: result: /usr/bin/grep
configure:7107: checking how to run the C preprocessor
configure:7138: gcc-5 -E  conftest.c
configure:7138: $? = 0
configure:7152: gcc-5 -E  conftest.c
conftest.c:15:28: fatal error: ac_nonexistent.h: No such file or directory
compilation terminated.
configure:7152: $? = 1
configure: failed program was:
| /* confdefs.h */
| #define PACKAGE_NAME "FULL-PACKAGE-NAME"
| #define PACKAGE_TARNAME "full-package-name"
| #define PACKAGE_VERSION "VERSION"
| #define PACKAGE_STRING "FULL-PACKAGE-NAME VERSION"
| #define PACKAGE_BUGREPORT "BUG-REPORT-ADDRESS"
| #define PACKAGE_URL ""
| #define PACKAGE "full-package-name"
| #define VERSION "VERSION"
| #define HAVE_OPENMP 1
| #define HAVE_MPI 1
| #define HAVE_OPENMP 1
| #define HAVE_MPI 1
| /* end confdefs.h.  */
| #include <ac_nonexistent.h>
configure:7177: result: gcc-5 -E
configure:7197: gcc-5 -E  conftest.c
configure:7197: $? = 0
configure:7211: gcc-5 -E  conftest.c
conftest.c:15:28: fatal error: ac_nonexistent.h: No such file or directory
compilation terminated.
configure:7211: $? = 1
configure: failed program was:
| /* confdefs.h */
| #define PACKAGE_NAME "FULL-PACKAGE-NAME"
| #define PACKAGE_TARNAME "full-package-name"
| #define PACKAGE_VERSION "VERSION"
| #define PACKAGE_STRING "FULL-PACKAGE-NAME VERSION"
| #define PACKAGE_BUGREPORT "BUG-REPORT-ADDRESS"
| #define PACKAGE_URL ""
| #define PACKAGE "full-package-name"
| #define VERSION "VERSION"
| #define HAVE_OPENMP 1
| #define HAVE_MPI 1
| #define HAVE_OPENMP 1
| #define HAVE_MPI 1
| /* end confdefs.h.  */
| #include <ac_nonexistent.h>
configure:7240: checking for egrep
configure:7302: result: /usr/bin/grep -E
configure:7307: checking for ANSI C header files
configure:7327: gcc-5 -c -O3 -Wall -g  conftest.c >&5
configure:7327: $? = 0
configure:7400: gcc-5 -o conftest -O3 -Wall -g   conftest.c  >&5
configure:7400: $? = 0
configure:7400: ./conftest
configure:7400: $? = 0
configure:7411: result: yes
configure:7424: checking for sys/types.h
configure:7424: gcc-5 -c -O3 -Wall -g  conftest.c >&5
configure:7424: $? = 0
configure:7424: result: yes
configure:7424: checking for sys/stat.h
configure:7424: gcc-5 -c -O3 -Wall -g  conftest.c >&5
configure:7424: $? = 0
configure:7424: result: yes
configure:7424: checking for stdlib.h
configure:7424: gcc-5 -c -O3 -Wall -g  conftest.c >&5
configure:7424: $? = 0
configure:7424: result: yes
configure:7424: checking for string.h
configure:7424: gcc-5 -c -O3 -Wall -g  conftest.c >&5
configure:7424: $? = 0
configure:7424: result: yes
configure:7424: checking for memory.h
configure:7424: gcc-5 -c -O3 -Wall -g  conftest.c >&5
configure:7424: $? = 0
configure:7424: result: yes
configure:7424: checking for strings.h
configure:7424: gcc-5 -c -O3 -Wall -g  conftest.c >&5
configure:7424: $? = 0
configure:7424: result: yes
configure:7424: checking for inttypes.h
configure:7424: gcc-5 -c -O3 -Wall -g  conftest.c >&5
configure:7424: $? = 0
configure:7424: result: yes
configure:7424: checking for stdint.h
configure:7424: gcc-5 -c -O3 -Wall -g  conftest.c >&5
configure:7424: $? = 0
configure:7424: result: yes
configure:7424: checking for unistd.h
configure:7424: gcc-5 -c -O3 -Wall -g  conftest.c >&5
configure:7424: $? = 0
configure:7424: result: yes
configure:7808: result: HDF5_LDFLAGS... ""
configure:7810: result: HDF5_PFLIBS... ""
configure:7921: checking for Fortran 77 compiler version
configure:7930: gfortran --version >&5
GNU Fortran (Homebrew gcc 5.2.0) 5.2.0
Copyright (C) 2015 Free Software Foundation, Inc.

GNU Fortran comes with NO WARRANTY, to the extent permitted by law.
You may redistribute copies of GNU Fortran
under the terms of the GNU General Public License.
For more information about these matters, see the file named COPYING

configure:7941: $? = 0
configure:7930: gfortran -v >&5
Using built-in specs.
COLLECT_GCC=gfortran
COLLECT_LTO_WRAPPER=/usr/local/Cellar/gcc/5.2.0/libexec/gcc/x86_64-apple-darwin14.4.0/5.2.0/lto-wrapper
Target: x86_64-apple-darwin14.4.0
Configured with: ../configure --build=x86_64-apple-darwin14.4.0 --prefix=/usr/local/Cellar/gcc/5.2.0 --libdir=/usr/local/Cellar/gcc/5.2.0/lib/gcc/5 --enable-languages=c,c++,objc,obj-c++,fortran --program-suffix=-5 --with-gmp=/usr/local/opt/gmp --with-mpfr=/usr/local/opt/mpfr --with-mpc=/usr/local/opt/libmpc --with-isl=/usr/local/opt/isl --with-system-zlib --enable-libstdcxx-time=yes --enable-stage1-checking --enable-checking=release --enable-lto --with-build-config=bootstrap-debug --disable-werror --with-pkgversion='Homebrew gcc 5.2.0' --with-bugurl=https://github.com/Homebrew/homebrew/issues --enable-plugin --disable-nls --enable-multilib
Thread model: posix
gcc version 5.2.0 (Homebrew gcc 5.2.0) 
configure:7941: $? = 0
configure:7930: gfortran -V >&5
gfortran: error: unrecognized command line option '-V'
gfortran: fatal error: no input files
compilation terminated.
configure:7941: $? = 1
configure:7930: gfortran -qversion >&5
gfortran: error: unrecognized command line option '-qversion'
gfortran: fatal error: no input files
compilation terminated.
configure:7941: $? = 1
configure:7950: checking whether we are using the GNU Fortran 77 compiler
configure:7963: gfortran -c  conftest.F >&5
configure:7963: $? = 0
configure:7972: result: yes
configure:7978: checking whether gfortran accepts -g
configure:7989: gfortran -c -g conftest.f >&5
configure:7989: $? = 0
configure:7997: result: yes
configure:8031: checking how to get verbose linking output from gfortran
configure:8041: gfortran -c -g -O2 conftest.f >&5
configure:8041: $? = 0
configure:8059: gfortran -o conftest -g -O2 -v conftest.f
Using built-in specs.
Target: x86_64-apple-darwin14.4.0
Thread model: posix
gcc version 5.2.0 (Homebrew gcc 5.2.0) 
 /usr/local/Cellar/gcc/5.2.0/libexec/gcc/x86_64-apple-darwin14.4.0/5.2.0/f951 conftest.f -ffixed-form -fPIC -feliminate-unused-debug-symbols -quiet -dumpbase conftest.f -mmacosx-version-min=10.13.3 -mtune=core2 -auxbase conftest -g -O2 -version -fintrinsic-modules-path /usr/local/Cellar/gcc/5.2.0/lib/gcc/5/gcc/x86_64-apple-darwin14.4.0/5.2.0/finclude -o /var/folders/cx/j5rt3sv16lgd64h15zsjrgmw0000gn/T//ccmG3JYG.s
GNU Fortran (Homebrew gcc 5.2.0) version 5.2.0 (x86_64-apple-darwin14.4.0)
	compiled by GNU C version 5.2.0, GMP version 6.0.0, MPFR version 3.1.3-p2, MPC version 1.0.3
GGC heuristics: --param ggc-min-expand=100 --param ggc-min-heapsize=131072
GNU Fortran2008 (Homebrew gcc 5.2.0) version 5.2.0 (x86_64-apple-darwin14.4.0)
	compiled by GNU C version 5.2.0, GMP version 6.0.0, MPFR version 3.1.3-p2, MPC version 1.0.3
GGC heuristics: --param ggc-min-expand=100 --param ggc-min-heapsize=131072
 as -arch x86_64 -force_cpusubtype_ALL -o /var/folders/cx/j5rt3sv16lgd64h15zsjrgmw0000gn/T//ccagX0NK.o /var/folders/cx/j5rt3sv16lgd64h15zsjrgmw0000gn/T//ccmG3JYG.s
Reading specs from /usr/local/Cellar/gcc/5.2.0/lib/gcc/5/gcc/x86_64-apple-darwin14.4.0/5.2.0/../../../libgfortran.spec
rename spec lib to liborig
 /usr/local/Cellar/gcc/5.2.0/libexec/gcc/x86_64-apple-darwin14.4.0/5.2.0/collect2 -dynamic -arch x86_64 -macosx_version_min 10.13.3 -weak_reference_mismatches non-weak -o conftest -L/usr/local/Cellar/gcc/5.2.0/lib/gcc/5/gcc/x86_64-apple-darwin14.4.0/5.2.0 -L/usr/local/Cellar/gcc/5.2.0/lib/gcc/5/gcc/x86_64-apple-darwin14.4.0/5.2.0/../../.. /var/folders/cx/j5rt3sv16lgd64h15zsjrgmw0000gn/T//ccagX0NK.o -lgfortran -no_compact_unwind -lSystem -lgcc_ext.10.5 -lgcc -lquadmath -lm -lgcc_ext.10.5 -lgcc -lSystem -v -idsym -dsym
collect2 version 5.2.0
/opt/local/bin/ld -dynamic -arch x86_64 -macosx_version_min 10.13.3 -weak_reference_mismatches non-weak -o conftest -L/usr/local/Cellar/gcc/5.2.0/lib/gcc/5/gcc/x86_64-apple-darwin14.4.0/5.2.0 -L/usr/local/Cellar/gcc/5.2.0/lib/gcc/5/gcc/x86_64-apple-darwin14.4.0/5.2.0/../../.. /var/folders/cx/j5rt3sv16lgd64h15zsjrgmw0000gn/T//ccagX0NK.o -lgfortran -no_compact_unwind -lSystem -lgcc_ext.10.5 -lgcc -lquadmath -lm -lgcc_ext.10.5 -lgcc -lSystem -v
@(#)PROGRAM:ld  PROJECT:ld64-274.2
configured to support archs: i386 x86_64 x86_64h armv6 armv7 armv7s armv7m armv7k arm64 (tvOS)
Library search paths:
	/usr/local/Cellar/gcc/5.2.0/lib/gcc/5/gcc/x86_64-apple-darwin14.4.0/5.2.0
	/usr/local/Cellar/gcc/5.2.0/lib/gcc/5
	/usr/lib
	/usr/local/lib
Framework search paths:
	/Library/Frameworks/
	/System/Library/Frameworks/
 /opt/local/bin/nm -n /var/folders/cx/j5rt3sv16lgd64h15zsjrgmw0000gn/T//ccagX0NK.o
dsymutil conftest
configure:8142: result: -v
configure:8144: checking for Fortran 77 libraries of gfortran
configure:8167: gfortran -o conftest -g -O2 -v conftest.f
Using built-in specs.
Target: x86_64-apple-darwin14.4.0
Thread model: posix
gcc version 5.2.0 (Homebrew gcc 5.2.0) 
 /usr/local/Cellar/gcc/5.2.0/libexec/gcc/x86_64-apple-darwin14.4.0/5.2.0/f951 conftest.f -ffixed-form -fPIC -feliminate-unused-debug-symbols -quiet -dumpbase conftest.f -mmacosx-version-min=10.13.3 -mtune=core2 -auxbase conftest -g -O2 -version -fintrinsic-modules-path /usr/local/Cellar/gcc/5.2.0/lib/gcc/5/gcc/x86_64-apple-darwin14.4.0/5.2.0/finclude -o /var/folders/cx/j5rt3sv16lgd64h15zsjrgmw0000gn/T//cce0My1n.s
GNU Fortran (Homebrew gcc 5.2.0) version 5.2.0 (x86_64-apple-darwin14.4.0)
	compiled by GNU C version 5.2.0, GMP version 6.0.0, MPFR version 3.1.3-p2, MPC version 1.0.3
GGC heuristics: --param ggc-min-expand=100 --param ggc-min-heapsize=131072
GNU Fortran2008 (Homebrew gcc 5.2.0) version 5.2.0 (x86_64-apple-darwin14.4.0)
	compiled by GNU C version 5.2.0, GMP version 6.0.0, MPFR version 3.1.3-p2, MPC version 1.0.3
GGC heuristics: --param ggc-min-expand=100 --param ggc-min-heapsize=131072
 as -arch x86_64 -force_cpusubtype_ALL -o /var/folders/cx/j5rt3sv16lgd64h15zsjrgmw0000gn/T//ccYdDG50.o /var/folders/cx/j5rt3sv16lgd64h15zsjrgmw0000gn/T//cce0My1n.s
Reading specs from /usr/local/Cellar/gcc/5.2.0/lib/gcc/5/gcc/x86_64-apple-darwin14.4.0/5.2.0/../../../libgfortran.spec
rename spec lib to liborig
 /usr/local/Cellar/gcc/5.2.0/libexec/gcc/x86_64-apple-darwin14.4.0/5.2.0/collect2 -dynamic -arch x86_64 -macosx_version_min 10.13.3 -weak_reference_mismatches non-weak -o conftest -L/usr/local/Cellar/gcc/5.2.0/lib/gcc/5/gcc/x86_64-apple-darwin14.4.0/5.2.0 -L/usr/local/Cellar/gcc/5.2.0/lib/gcc/5/gcc/x86_64-apple-darwin14.4.0/5.2.0/../../.. /var/folders/cx/j5rt3sv16lgd64h15zsjrgmw0000gn/T//ccYdDG50.o -lgfortran -no_compact_unwind -lSystem -lgcc_ext.10.5 -lgcc -lquadmath -lm -lgcc_ext.10.5 -lgcc -lSystem -v -idsym -dsym
collect2 version 5.2.0
/opt/local/bin/ld -dynamic -arch x86_64 -macosx_version_min 10.13.3 -weak_reference_mismatches non-weak -o conftest -L/usr/local/Cellar/gcc/5.2.0/lib/gcc/5/gcc/x86_64-apple-darwin14.4.0/5.2.0 -L/usr/local/Cellar/gcc/5.2.0/lib/gcc/5/gcc/x86_64-apple-darwin14.4.0/5.2.0/../../.. /var/folders/cx/j5rt3sv16lgd64h15zsjrgmw0000gn/T//ccYdDG50.o -lgfortran -no_compact_unwind -lSystem -lgcc_ext.10.5 -lgcc -lquadmath -lm -lgcc_ext.10.5 -lgcc -lSystem -v
@(#)PROGRAM:ld  PROJECT:ld64-274.2
configured to support archs: i386 x86_64 x86_64h armv6 armv7 armv7s armv7m armv7k arm64 (tvOS)
Library search paths:
	/usr/local/Cellar/gcc/5.2.0/lib/gcc/5/gcc/x86_64-apple-darwin14.4.0/5.2.0
	/usr/local/Cellar/gcc/5.2.0/lib/gcc/5
	/usr/lib
	/usr/local/lib
Framework search paths:
	/Library/Frameworks/
	/System/Library/Frameworks/
 /opt/local/bin/nm -n /var/folders/cx/j5rt3sv16lgd64h15zsjrgmw0000gn/T//ccYdDG50.o
dsymutil conftest
configure:8363: result:  -L/usr/local/Cellar/gcc/5.2.0/lib/gcc/5/gcc/x86_64-apple-darwin14.4.0/5.2.0 -L/usr/local/Cellar/gcc/5.2.0/lib/gcc/5/gcc/x86_64-apple-darwin14.4.0/5.2.0/../../.. -lgfortran -lquadmath -lm
configure:8379: checking for dummy main to link with Fortran 77 libraries
configure:8413: gcc-5 -o conftest -O3 -Wall -g   conftest.c   -L/usr/local/Cellar/gcc/5.2.0/lib/gcc/5/gcc/x86_64-apple-darwin14.4.0/5.2.0 -L/usr/local/Cellar/gcc/5.2.0/lib/gcc/5/gcc/x86_64-apple-darwin14.4.0/5.2.0/../../.. -lgfortran -lquadmath -lm >&5
configure:8413: $? = 0
configure:8458: result: none
configure:8491: checking for Fortran 77 name-mangling scheme
configure:8504: gfortran -c -g -O2 conftest.f >&5
configure:8504: $? = 0
configure:8545: gcc-5 -o conftest -O3 -Wall -g   conftest.c cfortran_test.o   -L/usr/local/Cellar/gcc/5.2.0/lib/gcc/5/gcc/x86_64-apple-darwin14.4.0/5.2.0 -L/usr/local/Cellar/gcc/5.2.0/lib/gcc/5/gcc/x86_64-apple-darwin14.4.0/5.2.0/../../.. -lgfortran -lquadmath -lm >&5
Undefined symbols for architecture x86_64:
  "_foobar", referenced from:
      _main in ccoxK6q8.o
     (maybe you meant: _foobar_)
ld: symbol(s) not found for architecture x86_64
collect2: error: ld returned 1 exit status
configure:8545: $? = 1
configure: failed program was:
| /* confdefs.h */
| #define PACKAGE_NAME "FULL-PACKAGE-NAME"
| #define PACKAGE_TARNAME "full-package-name"
| #define PACKAGE_VERSION "VERSION"
| #define PACKAGE_STRING "FULL-PACKAGE-NAME VERSION"
| #define PACKAGE_BUGREPORT "BUG-REPORT-ADDRESS"
| #define PACKAGE_URL ""
| #define PACKAGE "full-package-name"
| #define VERSION "VERSION"
| #define HAVE_OPENMP 1
| #define HAVE_MPI 1
| #define HAVE_OPENMP 1
| #define HAVE_MPI 1
| #define STDC_HEADERS 1
| #define HAVE_SYS_TYPES_H 1
| #define HAVE_SYS_STAT_H 1
| #define HAVE_STDLIB_H 1
| #define HAVE_STRING_H 1
| #define HAVE_MEMORY_H 1
| #define HAVE_STRINGS_H 1
| #define HAVE_INTTYPES_H 1
| #define HAVE_STDINT_H 1
| #define HAVE_UNISTD_H 1
| /* end confdefs.h.  */
| 
| /* Override any GCC internal prototype to avoid an error.
|    Use char because int might match the return type of a GCC
|    builtin and then its argument prototype would still apply.  */
| #ifdef __cplusplus
| extern "C"
| #endif
| char foobar ();
| #ifdef F77_DUMMY_MAIN
| 
| #  ifdef __cplusplus
|      extern "C"
| #  endif
|    int F77_DUMMY_MAIN() { return 1; }
| 
| #endif
| int
| main ()
| {
| return foobar ();
|   ;
|   return 0;
| }
configure:8545: gcc-5 -o conftest -O3 -Wall -g   conftest.c cfortran_test.o   -L/usr/local/Cellar/gcc/5.2.0/lib/gcc/5/gcc/x86_64-apple-darwin14.4.0/5.2.0 -L/usr/local/Cellar/gcc/5.2.0/lib/gcc/5/gcc/x86_64-apple-darwin14.4.0/5.2.0/../../.. -lgfortran -lquadmath -lm >&5
configure:8545: $? = 0
configure:8603: gcc-5 -o conftest -O3 -Wall -g   conftest.c cfortran_test.o   -L/usr/local/Cellar/gcc/5.2.0/lib/gcc/5/gcc/x86_64-apple-darwin14.4.0/5.2.0 -L/usr/local/Cellar/gcc/5.2.0/lib/gcc/5/gcc/x86_64-apple-darwin14.4.0/5.2.0/../../.. -lgfortran -lquadmath -lm >&5
configure:8603: $? = 0
configure:8645: result: lower case, underscore, no extra underscore
configure:8764: checking if sgemm_ is being linked in already
configure:8792: gcc-5 -o conftest -O3 -Wall -g   conftest.c   -L/usr/local/Cellar/gcc/5.2.0/lib/gcc/5/gcc/x86_64-apple-darwin14.4.0/5.2.0 -L/usr/local/Cellar/gcc/5.2.0/lib/gcc/5/gcc/x86_64-apple-darwin14.4.0/5.2.0/../../.. -lgfortran -lquadmath -lm >&5
Undefined symbols for architecture x86_64:
  "_sgemm_", referenced from:
      _main in ccyZtQPT.o
ld: symbol(s) not found for architecture x86_64
collect2: error: ld returned 1 exit status
configure:8792: $? = 1
configure: failed program was:
| /* confdefs.h */
| #define PACKAGE_NAME "FULL-PACKAGE-NAME"
| #define PACKAGE_TARNAME "full-package-name"
| #define PACKAGE_VERSION "VERSION"
| #define PACKAGE_STRING "FULL-PACKAGE-NAME VERSION"
| #define PACKAGE_BUGREPORT "BUG-REPORT-ADDRESS"
| #define PACKAGE_URL ""
| #define PACKAGE "full-package-name"
| #define VERSION "VERSION"
| #define HAVE_OPENMP 1
| #define HAVE_MPI 1
| #define HAVE_OPENMP 1
| #define HAVE_MPI 1
| #define STDC_HEADERS 1
| #define HAVE_SYS_TYPES_H 1
| #define HAVE_SYS_STAT_H 1
| #define HAVE_STDLIB_H 1
| #define HAVE_STRING_H 1
| #define HAVE_MEMORY_H 1
| #define HAVE_STRINGS_H 1
| #define HAVE_INTTYPES_H 1
| #define HAVE_STDINT_H 1
| #define HAVE_UNISTD_H 1
| /* end confdefs.h.  */
| 
| /* Override any GCC internal prototype to avoid an error.
|    Use char because int might match the return type of a GCC
|    builtin and then its argument prototype would still apply.  */
| #ifdef __cplusplus
| extern "C"
| #endif
| char sgemm_ ();
| #ifdef F77_DUMMY_MAIN
| 
| #  ifdef __cplusplus
|      extern "C"
| #  endif
|    int F77_DUMMY_MAIN() { return 1; }
| 
| #endif
| int
| main ()
| {
| return sgemm_ ();
|   ;
|   return 0;
| }
configure:8797: result: no
configure:8805: checking for sgemm_ in -lopenblas
configure:8838: gcc-5 -o conftest -O3 -Wall -g   conftest.c -lopenblas    -L/usr/local/Cellar/gcc/5.2.0/lib/gcc/5/gcc/x86_64-apple-darwin14.4.0/5.2.0 -L/usr/local/Cellar/gcc/5.2.0/lib/gcc/5/gcc/x86_64-apple-darwin14.4.0/5.2.0/../../.. -lgfortran -lquadmath -lm >&5
ld: library not found for -lopenblas
collect2: error: ld returned 1 exit status
configure:8838: $? = 1
configure: failed program was:
| /* confdefs.h */
| #define PACKAGE_NAME "FULL-PACKAGE-NAME"
| #define PACKAGE_TARNAME "full-package-name"
| #define PACKAGE_VERSION "VERSION"
| #define PACKAGE_STRING "FULL-PACKAGE-NAME VERSION"
| #define PACKAGE_BUGREPORT "BUG-REPORT-ADDRESS"
| #define PACKAGE_URL ""
| #define PACKAGE "full-package-name"
| #define VERSION "VERSION"
| #define HAVE_OPENMP 1
| #define HAVE_MPI 1
| #define HAVE_OPENMP 1
| #define HAVE_MPI 1
| #define STDC_HEADERS 1
| #define HAVE_SYS_TYPES_H 1
| #define HAVE_SYS_STAT_H 1
| #define HAVE_STDLIB_H 1
| #define HAVE_STRING_H 1
| #define HAVE_MEMORY_H 1
| #define HAVE_STRINGS_H 1
| #define HAVE_INTTYPES_H 1
| #define HAVE_STDINT_H 1
| #define HAVE_UNISTD_H 1
| /* end confdefs.h.  */
| 
| /* Override any GCC internal prototype to avoid an error.
|    Use char because int might match the return type of a GCC
|    builtin and then its argument prototype would still apply.  */
| #ifdef __cplusplus
| extern "C"
| #endif
| char sgemm_ ();
| #ifdef F77_DUMMY_MAIN
| 
| #  ifdef __cplusplus
|      extern "C"
| #  endif
|    int F77_DUMMY_MAIN() { return 1; }
| 
| #endif
| int
| main ()
| {
| return sgemm_ ();
|   ;
|   return 0;
| }
configure:8848: result: no
configure:8859: checking for ATL_xerbla in -latlas
configure:8892: gcc-5 -o conftest -O3 -Wall -g   conftest.c -latlas    -L/usr/local/Cellar/gcc/5.2.0/lib/gcc/5/gcc/x86_64-apple-darwin14.4.0/5.2.0 -L/usr/local/Cellar/gcc/5.2.0/lib/gcc/5/gcc/x86_64-apple-darwin14.4.0/5.2.0/../../.. -lgfortran -lquadmath -lm >&5
ld: library not found for -latlas
collect2: error: ld returned 1 exit status
configure:8892: $? = 1
configure: failed program was:
| /* confdefs.h */
| #define PACKAGE_NAME "FULL-PACKAGE-NAME"
| #define PACKAGE_TARNAME "full-package-name"
| #define PACKAGE_VERSION "VERSION"
| #define PACKAGE_STRING "FULL-PACKAGE-NAME VERSION"
| #define PACKAGE_BUGREPORT "BUG-REPORT-ADDRESS"
| #define PACKAGE_URL ""
| #define PACKAGE "full-package-name"
| #define VERSION "VERSION"
| #define HAVE_OPENMP 1
| #define HAVE_MPI 1
| #define HAVE_OPENMP 1
| #define HAVE_MPI 1
| #define STDC_HEADERS 1
| #define HAVE_SYS_TYPES_H 1
| #define HAVE_SYS_STAT_H 1
| #define HAVE_STDLIB_H 1
| #define HAVE_STRING_H 1
| #define HAVE_MEMORY_H 1
| #define HAVE_STRINGS_H 1
| #define HAVE_INTTYPES_H 1
| #define HAVE_STDINT_H 1
| #define HAVE_UNISTD_H 1
| /* end confdefs.h.  */
| 
| /* Override any GCC internal prototype to avoid an error.
|    Use char because int might match the return type of a GCC
|    builtin and then its argument prototype would still apply.  */
| #ifdef __cplusplus
| extern "C"
| #endif
| char ATL_xerbla ();
| #ifdef F77_DUMMY_MAIN
| 
| #  ifdef __cplusplus
|      extern "C"
| #  endif
|    int F77_DUMMY_MAIN() { return 1; }
| 
| #endif
| int
| main ()
| {
| return ATL_xerbla ();
|   ;
|   return 0;
| }
configure:8901: result: no
configure:9009: checking for sgemm_ in -lblas
configure:9042: gcc-5 -o conftest -O3 -Wall -g   conftest.c -lblas    -L/usr/local/Cellar/gcc/5.2.0/lib/gcc/5/gcc/x86_64-apple-darwin14.4.0/5.2.0 -L/usr/local/Cellar/gcc/5.2.0/lib/gcc/5/gcc/x86_64-apple-darwin14.4.0/5.2.0/../../.. -lgfortran -lquadmath -lm >&5
configure:9042: $? = 0
configure:9052: result: yes
configure:9056: checking for dgemm_ in -ldgemm
configure:9089: gcc-5 -o conftest -O3 -Wall -g   conftest.c -ldgemm -lblas   -L/usr/local/Cellar/gcc/5.2.0/lib/gcc/5/gcc/x86_64-apple-darwin14.4.0/5.2.0 -L/usr/local/Cellar/gcc/5.2.0/lib/gcc/5/gcc/x86_64-apple-darwin14.4.0/5.2.0/../../.. -lgfortran -lquadmath -lm >&5
ld: library not found for -ldgemm
collect2: error: ld returned 1 exit status
configure:9089: $? = 1
configure: failed program was:
| /* confdefs.h */
| #define PACKAGE_NAME "FULL-PACKAGE-NAME"
| #define PACKAGE_TARNAME "full-package-name"
| #define PACKAGE_VERSION "VERSION"
| #define PACKAGE_STRING "FULL-PACKAGE-NAME VERSION"
| #define PACKAGE_BUGREPORT "BUG-REPORT-ADDRESS"
| #define PACKAGE_URL ""
| #define PACKAGE "full-package-name"
| #define VERSION "VERSION"
| #define HAVE_OPENMP 1
| #define HAVE_MPI 1
| #define HAVE_OPENMP 1
| #define HAVE_MPI 1
| #define STDC_HEADERS 1
| #define HAVE_SYS_TYPES_H 1
| #define HAVE_SYS_STAT_H 1
| #define HAVE_STDLIB_H 1
| #define HAVE_STRING_H 1
| #define HAVE_MEMORY_H 1
| #define HAVE_STRINGS_H 1
| #define HAVE_INTTYPES_H 1
| #define HAVE_STDINT_H 1
| #define HAVE_UNISTD_H 1
| /* end confdefs.h.  */
| 
| /* Override any GCC internal prototype to avoid an error.
|    Use char because int might match the return type of a GCC
|    builtin and then its argument prototype would still apply.  */
| #ifdef __cplusplus
| extern "C"
| #endif
| char dgemm_ ();
| #ifdef F77_DUMMY_MAIN
| 
| #  ifdef __cplusplus
|      extern "C"
| #  endif
|    int F77_DUMMY_MAIN() { return 1; }
| 
| #endif
| int
| main ()
| {
| return dgemm_ ();
|   ;
|   return 0;
| }
configure:9099: result: no
configure:9165: checking for sgemm_ in -lmkl_gf_lp64
configure:9198: gcc-5 -o conftest -O3 -Wall -g   conftest.c -lmkl_gf_lp64 -lmkl_gf_lp64 -lmkl_sequential -lmkl_core -lpthread   -L/usr/local/Cellar/gcc/5.2.0/lib/gcc/5/gcc/x86_64-apple-darwin14.4.0/5.2.0 -L/usr/local/Cellar/gcc/5.2.0/lib/gcc/5/gcc/x86_64-apple-darwin14.4.0/5.2.0/../../.. -lgfortran -lquadmath -lm >&5
ld: library not found for -lmkl_gf_lp64
collect2: error: ld returned 1 exit status
configure:9198: $? = 1
configure: failed program was:
| /* confdefs.h */
| #define PACKAGE_NAME "FULL-PACKAGE-NAME"
| #define PACKAGE_TARNAME "full-package-name"
| #define PACKAGE_VERSION "VERSION"
| #define PACKAGE_STRING "FULL-PACKAGE-NAME VERSION"
| #define PACKAGE_BUGREPORT "BUG-REPORT-ADDRESS"
| #define PACKAGE_URL ""
| #define PACKAGE "full-package-name"
| #define VERSION "VERSION"
| #define HAVE_OPENMP 1
| #define HAVE_MPI 1
| #define HAVE_OPENMP 1
| #define HAVE_MPI 1
| #define STDC_HEADERS 1
| #define HAVE_SYS_TYPES_H 1
| #define HAVE_SYS_STAT_H 1
| #define HAVE_STDLIB_H 1
| #define HAVE_STRING_H 1
| #define HAVE_MEMORY_H 1
| #define HAVE_STRINGS_H 1
| #define HAVE_INTTYPES_H 1
| #define HAVE_STDINT_H 1
| #define HAVE_UNISTD_H 1
| /* end confdefs.h.  */
| 
| /* Override any GCC internal prototype to avoid an error.
|    Use char because int might match the return type of a GCC
|    builtin and then its argument prototype would still apply.  */
| #ifdef __cplusplus
| extern "C"
| #endif
| char sgemm_ ();
| #ifdef F77_DUMMY_MAIN
| 
| #  ifdef __cplusplus
|      extern "C"
| #  endif
|    int F77_DUMMY_MAIN() { return 1; }
| 
| #endif
| int
| main ()
| {
| return sgemm_ ();
|   ;
|   return 0;
| }
configure:9208: result: no
configure:9379: checking for sgemm_ in -lmkl
configure:9412: gcc-5 -o conftest -O3 -Wall -g   conftest.c -lmkl -lguide -lpthread   -L/usr/local/Cellar/gcc/5.2.0/lib/gcc/5/gcc/x86_64-apple-darwin14.4.0/5.2.0 -L/usr/local/Cellar/gcc/5.2.0/lib/gcc/5/gcc/x86_64-apple-darwin14.4.0/5.2.0/../../.. -lgfortran -lquadmath -lm >&5
ld: library not found for -lmkl
collect2: error: ld returned 1 exit status
configure:9412: $? = 1
configure: failed program was:
| /* confdefs.h */
| #define PACKAGE_NAME "FULL-PACKAGE-NAME"
| #define PACKAGE_TARNAME "full-package-name"
| #define PACKAGE_VERSION "VERSION"
| #define PACKAGE_STRING "FULL-PACKAGE-NAME VERSION"
| #define PACKAGE_BUGREPORT "BUG-REPORT-ADDRESS"
| #define PACKAGE_URL ""
| #define PACKAGE "full-package-name"
| #define VERSION "VERSION"
| #define HAVE_OPENMP 1
| #define HAVE_MPI 1
| #define HAVE_OPENMP 1
| #define HAVE_MPI 1
| #define STDC_HEADERS 1
| #define HAVE_SYS_TYPES_H 1
| #define HAVE_SYS_STAT_H 1
| #define HAVE_STDLIB_H 1
| #define HAVE_STRING_H 1
| #define HAVE_MEMORY_H 1
| #define HAVE_STRINGS_H 1
| #define HAVE_INTTYPES_H 1
| #define HAVE_STDINT_H 1
| #define HAVE_UNISTD_H 1
| /* end confdefs.h.  */
| 
| /* Override any GCC internal prototype to avoid an error.
|    Use char because int might match the return type of a GCC
|    builtin and then its argument prototype would still apply.  */
| #ifdef __cplusplus
| extern "C"
| #endif
| char sgemm_ ();
| #ifdef F77_DUMMY_MAIN
| 
| #  ifdef __cplusplus
|      extern "C"
| #  endif
|    int F77_DUMMY_MAIN() { return 1; }
| 
| #endif
| int
| main ()
| {
| return sgemm_ ();
|   ;
|   return 0;
| }
configure:9422: result: no
configure:9433: checking for sgemm_ in -framework vecLib
configure:9461: gcc-5 -o conftest -O3 -Wall -g   conftest.c -framework vecLib   -L/usr/local/Cellar/gcc/5.2.0/lib/gcc/5/gcc/x86_64-apple-darwin14.4.0/5.2.0 -L/usr/local/Cellar/gcc/5.2.0/lib/gcc/5/gcc/x86_64-apple-darwin14.4.0/5.2.0/../../.. -lgfortran -lquadmath -lm >&5
ld: cannot link directly with /System/Library/Frameworks//vecLib.framework/vecLib for architecture x86_64
collect2: error: ld returned 1 exit status
configure:9461: $? = 1
configure: failed program was:
| /* confdefs.h */
| #define PACKAGE_NAME "FULL-PACKAGE-NAME"
| #define PACKAGE_TARNAME "full-package-name"
| #define PACKAGE_VERSION "VERSION"
| #define PACKAGE_STRING "FULL-PACKAGE-NAME VERSION"
| #define PACKAGE_BUGREPORT "BUG-REPORT-ADDRESS"
| #define PACKAGE_URL ""
| #define PACKAGE "full-package-name"
| #define VERSION "VERSION"
| #define HAVE_OPENMP 1
| #define HAVE_MPI 1
| #define HAVE_OPENMP 1
| #define HAVE_MPI 1
| #define STDC_HEADERS 1
| #define HAVE_SYS_TYPES_H 1
| #define HAVE_SYS_STAT_H 1
| #define HAVE_STDLIB_H 1
| #define HAVE_STRING_H 1
| #define HAVE_MEMORY_H 1
| #define HAVE_STRINGS_H 1
| #define HAVE_INTTYPES_H 1
| #define HAVE_STDINT_H 1
| #define HAVE_UNISTD_H 1
| /* end confdefs.h.  */
| 
| /* Override any GCC internal prototype to avoid an error.
|    Use char because int might match the return type of a GCC
|    builtin and then its argument prototype would still apply.  */
| #ifdef __cplusplus
| extern "C"
| #endif
| char sgemm_ ();
| #ifdef F77_DUMMY_MAIN
| 
| #  ifdef __cplusplus
|      extern "C"
| #  endif
|    int F77_DUMMY_MAIN() { return 1; }
| 
| #endif
| int
| main ()
| {
| return sgemm_ ();
|   ;
|   return 0;
| }
configure:9466: result: no
configure:9474: checking for sgemm_ in -lcxml
configure:9507: gcc-5 -o conftest -O3 -Wall -g   conftest.c -lcxml    -L/usr/local/Cellar/gcc/5.2.0/lib/gcc/5/gcc/x86_64-apple-darwin14.4.0/5.2.0 -L/usr/local/Cellar/gcc/5.2.0/lib/gcc/5/gcc/x86_64-apple-darwin14.4.0/5.2.0/../../.. -lgfortran -lquadmath -lm >&5
ld: library not found for -lcxml
collect2: error: ld returned 1 exit status
configure:9507: $? = 1
configure: failed program was:
| /* confdefs.h */
| #define PACKAGE_NAME "FULL-PACKAGE-NAME"
| #define PACKAGE_TARNAME "full-package-name"
| #define PACKAGE_VERSION "VERSION"
| #define PACKAGE_STRING "FULL-PACKAGE-NAME VERSION"
| #define PACKAGE_BUGREPORT "BUG-REPORT-ADDRESS"
| #define PACKAGE_URL ""
| #define PACKAGE "full-package-name"
| #define VERSION "VERSION"
| #define HAVE_OPENMP 1
| #define HAVE_MPI 1
| #define HAVE_OPENMP 1
| #define HAVE_MPI 1
| #define STDC_HEADERS 1
| #define HAVE_SYS_TYPES_H 1
| #define HAVE_SYS_STAT_H 1
| #define HAVE_STDLIB_H 1
| #define HAVE_STRING_H 1
| #define HAVE_MEMORY_H 1
| #define HAVE_STRINGS_H 1
| #define HAVE_INTTYPES_H 1
| #define HAVE_STDINT_H 1
| #define HAVE_UNISTD_H 1
| /* end confdefs.h.  */
| 
| /* Override any GCC internal prototype to avoid an error.
|    Use char because int might match the return type of a GCC
|    builtin and then its argument prototype would still apply.  */
| #ifdef __cplusplus
| extern "C"
| #endif
| char sgemm_ ();
| #ifdef F77_DUMMY_MAIN
| 
| #  ifdef __cplusplus
|      extern "C"
| #  endif
|    int F77_DUMMY_MAIN() { return 1; }
| 
| #endif
| int
| main ()
| {
| return sgemm_ ();
|   ;
|   return 0;
| }
configure:9517: result: no
configure:9528: checking for sgemm_ in -ldxml
configure:9561: gcc-5 -o conftest -O3 -Wall -g   conftest.c -ldxml    -L/usr/local/Cellar/gcc/5.2.0/lib/gcc/5/gcc/x86_64-apple-darwin14.4.0/5.2.0 -L/usr/local/Cellar/gcc/5.2.0/lib/gcc/5/gcc/x86_64-apple-darwin14.4.0/5.2.0/../../.. -lgfortran -lquadmath -lm >&5
ld: library not found for -ldxml
collect2: error: ld returned 1 exit status
configure:9561: $? = 1
configure: failed program was:
| /* confdefs.h */
| #define PACKAGE_NAME "FULL-PACKAGE-NAME"
| #define PACKAGE_TARNAME "full-package-name"
| #define PACKAGE_VERSION "VERSION"
| #define PACKAGE_STRING "FULL-PACKAGE-NAME VERSION"
| #define PACKAGE_BUGREPORT "BUG-REPORT-ADDRESS"
| #define PACKAGE_URL ""
| #define PACKAGE "full-package-name"
| #define VERSION "VERSION"
| #define HAVE_OPENMP 1
| #define HAVE_MPI 1
| #define HAVE_OPENMP 1
| #define HAVE_MPI 1
| #define STDC_HEADERS 1
| #define HAVE_SYS_TYPES_H 1
| #define HAVE_SYS_STAT_H 1
| #define HAVE_STDLIB_H 1
| #define HAVE_STRING_H 1
| #define HAVE_MEMORY_H 1
| #define HAVE_STRINGS_H 1
| #define HAVE_INTTYPES_H 1
| #define HAVE_STDINT_H 1
| #define HAVE_UNISTD_H 1
| /* end confdefs.h.  */
| 
| /* Override any GCC internal prototype to avoid an error.
|    Use char because int might match the return type of a GCC
|    builtin and then its argument prototype would still apply.  */
| #ifdef __cplusplus
| extern "C"
| #endif
| char sgemm_ ();
| #ifdef F77_DUMMY_MAIN
| 
| #  ifdef __cplusplus
|      extern "C"
| #  endif
|    int F77_DUMMY_MAIN() { return 1; }
| 
| #endif
| int
| main ()
| {
| return sgemm_ ();
|   ;
|   return 0;
| }
configure:9571: result: no
configure:9686: checking for sgemm_ in -lscs
configure:9719: gcc-5 -o conftest -O3 -Wall -g   conftest.c -lscs    -L/usr/local/Cellar/gcc/5.2.0/lib/gcc/5/gcc/x86_64-apple-darwin14.4.0/5.2.0 -L/usr/local/Cellar/gcc/5.2.0/lib/gcc/5/gcc/x86_64-apple-darwin14.4.0/5.2.0/../../.. -lgfortran -lquadmath -lm >&5
ld: library not found for -lscs
collect2: error: ld returned 1 exit status
configure:9719: $? = 1
configure: failed program was:
| /* confdefs.h */
| #define PACKAGE_NAME "FULL-PACKAGE-NAME"
| #define PACKAGE_TARNAME "full-package-name"
| #define PACKAGE_VERSION "VERSION"
| #define PACKAGE_STRING "FULL-PACKAGE-NAME VERSION"
| #define PACKAGE_BUGREPORT "BUG-REPORT-ADDRESS"
| #define PACKAGE_URL ""
| #define PACKAGE "full-package-name"
| #define VERSION "VERSION"
| #define HAVE_OPENMP 1
| #define HAVE_MPI 1
| #define HAVE_OPENMP 1
| #define HAVE_MPI 1
| #define STDC_HEADERS 1
| #define HAVE_SYS_TYPES_H 1
| #define HAVE_SYS_STAT_H 1
| #define HAVE_STDLIB_H 1
| #define HAVE_STRING_H 1
| #define HAVE_MEMORY_H 1
| #define HAVE_STRINGS_H 1
| #define HAVE_INTTYPES_H 1
| #define HAVE_STDINT_H 1
| #define HAVE_UNISTD_H 1
| /* end confdefs.h.  */
| 
| /* Override any GCC internal prototype to avoid an error.
|    Use char because int might match the return type of a GCC
|    builtin and then its argument prototype would still apply.  */
| #ifdef __cplusplus
| extern "C"
| #endif
| char sgemm_ ();
| #ifdef F77_DUMMY_MAIN
| 
| #  ifdef __cplusplus
|      extern "C"
| #  endif
|    int F77_DUMMY_MAIN() { return 1; }
| 
| #endif
| int
| main ()
| {
| return sgemm_ ();
|   ;
|   return 0;
| }
configure:9729: result: no
configure:9740: checking for sgemm_ in -lcomplib.sgimath
configure:9773: gcc-5 -o conftest -O3 -Wall -g   conftest.c -lcomplib.sgimath    -L/usr/local/Cellar/gcc/5.2.0/lib/gcc/5/gcc/x86_64-apple-darwin14.4.0/5.2.0 -L/usr/local/Cellar/gcc/5.2.0/lib/gcc/5/gcc/x86_64-apple-darwin14.4.0/5.2.0/../../.. -lgfortran -lquadmath -lm >&5
ld: library not found for -lcomplib.sgimath
collect2: error: ld returned 1 exit status
configure:9773: $? = 1
configure: failed program was:
| /* confdefs.h */
| #define PACKAGE_NAME "FULL-PACKAGE-NAME"
| #define PACKAGE_TARNAME "full-package-name"
| #define PACKAGE_VERSION "VERSION"
| #define PACKAGE_STRING "FULL-PACKAGE-NAME VERSION"
| #define PACKAGE_BUGREPORT "BUG-REPORT-ADDRESS"
| #define PACKAGE_URL ""
| #define PACKAGE "full-package-name"
| #define VERSION "VERSION"
| #define HAVE_OPENMP 1
| #define HAVE_MPI 1
| #define HAVE_OPENMP 1
| #define HAVE_MPI 1
| #define STDC_HEADERS 1
| #define HAVE_SYS_TYPES_H 1
| #define HAVE_SYS_STAT_H 1
| #define HAVE_STDLIB_H 1
| #define HAVE_STRING_H 1
| #define HAVE_MEMORY_H 1
| #define HAVE_STRINGS_H 1
| #define HAVE_INTTYPES_H 1
| #define HAVE_STDINT_H 1
| #define HAVE_UNISTD_H 1
| /* end confdefs.h.  */
| 
| /* Override any GCC internal prototype to avoid an error.
|    Use char because int might match the return type of a GCC
|    builtin and then its argument prototype would still apply.  */
| #ifdef __cplusplus
| extern "C"
| #endif
| char sgemm_ ();
| #ifdef F77_DUMMY_MAIN
| 
| #  ifdef __cplusplus
|      extern "C"
| #  endif
|    int F77_DUMMY_MAIN() { return 1; }
| 
| #endif
| int
| main ()
| {
| return sgemm_ ();
|   ;
|   return 0;
| }
configure:9783: result: no
configure:9794: checking for sgemm_ in -lblas
configure:9837: result: yes
configure:9841: checking for sgemm_ in -lessl
configure:9874: gcc-5 -o conftest -O3 -Wall -g   conftest.c -lessl -lblas  -L/usr/local/Cellar/gcc/5.2.0/lib/gcc/5/gcc/x86_64-apple-darwin14.4.0/5.2.0 -L/usr/local/Cellar/gcc/5.2.0/lib/gcc/5/gcc/x86_64-apple-darwin14.4.0/5.2.0/../../.. -lgfortran -lquadmath -lm   -L/usr/local/Cellar/gcc/5.2.0/lib/gcc/5/gcc/x86_64-apple-darwin14.4.0/5.2.0 -L/usr/local/Cellar/gcc/5.2.0/lib/gcc/5/gcc/x86_64-apple-darwin14.4.0/5.2.0/../../.. -lgfortran -lquadmath -lm >&5
ld: library not found for -lessl
collect2: error: ld returned 1 exit status
configure:9874: $? = 1
configure: failed program was:
| /* confdefs.h */
| #define PACKAGE_NAME "FULL-PACKAGE-NAME"
| #define PACKAGE_TARNAME "full-package-name"
| #define PACKAGE_VERSION "VERSION"
| #define PACKAGE_STRING "FULL-PACKAGE-NAME VERSION"
| #define PACKAGE_BUGREPORT "BUG-REPORT-ADDRESS"
| #define PACKAGE_URL ""
| #define PACKAGE "full-package-name"
| #define VERSION "VERSION"
| #define HAVE_OPENMP 1
| #define HAVE_MPI 1
| #define HAVE_OPENMP 1
| #define HAVE_MPI 1
| #define STDC_HEADERS 1
| #define HAVE_SYS_TYPES_H 1
| #define HAVE_SYS_STAT_H 1
| #define HAVE_STDLIB_H 1
| #define HAVE_STRING_H 1
| #define HAVE_MEMORY_H 1
| #define HAVE_STRINGS_H 1
| #define HAVE_INTTYPES_H 1
| #define HAVE_STDINT_H 1
| #define HAVE_UNISTD_H 1
| /* end confdefs.h.  */
| 
| /* Override any GCC internal prototype to avoid an error.
|    Use char because int might match the return type of a GCC
|    builtin and then its argument prototype would still apply.  */
| #ifdef __cplusplus
| extern "C"
| #endif
| char sgemm_ ();
| #ifdef F77_DUMMY_MAIN
| 
| #  ifdef __cplusplus
|      extern "C"
| #  endif
|    int F77_DUMMY_MAIN() { return 1; }
| 
| #endif
| int
| main ()
| {
| return sgemm_ ();
|   ;
|   return 0;
| }
configure:9884: result: no
configure:9897: checking for sgemm_ in -lblas
configure:9940: result: yes
configure:9983: result: enable_connect_to_c..."yes"
configure:9990: checking for Fortran name mangling
configure:10017: gfortran -c -g -O2 conftest.f 1>&5
configure:10020: $? = 0
configure:10056: gcc-5 -o conftest -O3 -Wall -g   conftest.c fconftestf.o  -L/usr/local/Cellar/gcc/5.2.0/lib/gcc/5/gcc/x86_64-apple-darwin14.4.0/5.2.0 -L/usr/local/Cellar/gcc/5.2.0/lib/gcc/5/gcc/x86_64-apple-darwin14.4.0/5.2.0/../../.. -lgfortran -lquadmath -lm  >&5
Undefined symbols for architecture x86_64:
  "_my_name", referenced from:
      _main in ccnjxQpo.o
     (maybe you meant: _my_name_)
ld: symbol(s) not found for architecture x86_64
collect2: error: ld returned 1 exit status
configure:10056: $? = 1
configure: failed program was:
| /* confdefs.h */
| #define PACKAGE_NAME "FULL-PACKAGE-NAME"
| #define PACKAGE_TARNAME "full-package-name"
| #define PACKAGE_VERSION "VERSION"
| #define PACKAGE_STRING "FULL-PACKAGE-NAME VERSION"
| #define PACKAGE_BUGREPORT "BUG-REPORT-ADDRESS"
| #define PACKAGE_URL ""
| #define PACKAGE "full-package-name"
| #define VERSION "VERSION"
| #define HAVE_OPENMP 1
| #define HAVE_MPI 1
| #define HAVE_OPENMP 1
| #define HAVE_MPI 1
| #define STDC_HEADERS 1
| #define HAVE_SYS_TYPES_H 1
| #define HAVE_SYS_STAT_H 1
| #define HAVE_STDLIB_H 1
| #define HAVE_STRING_H 1
| #define HAVE_MEMORY_H 1
| #define HAVE_STRINGS_H 1
| #define HAVE_INTTYPES_H 1
| #define HAVE_STDINT_H 1
| #define HAVE_UNISTD_H 1
| #define HAVE_BLAS 1
| /* end confdefs.h.  */
| extern void my_name(int);
| #ifdef F77_DUMMY_MAIN
| 
| #  ifdef __cplusplus
|      extern "C"
| #  endif
|    int F77_DUMMY_MAIN() { return 1; }
| 
| #endif
| int
| main ()
| {
| my_name(0);
|   ;
|   return 0;
| }
configure:10081: gcc-5 -o conftest -O3 -Wall -g   conftest.c fconftestf.o  -L/usr/local/Cellar/gcc/5.2.0/lib/gcc/5/gcc/x86_64-apple-darwin14.4.0/5.2.0 -L/usr/local/Cellar/gcc/5.2.0/lib/gcc/5/gcc/x86_64-apple-darwin14.4.0/5.2.0/../../.. -lgfortran -lquadmath -lm  >&5
configure:10081: $? = 0
configure:10448: result: lower underscore
configure:10514: result: DFC_NAME_MANGLE..."-DFC_NAME_LOWER_USCORE"
configure:10518: checking for ANSI C header files
configure:10630: result: yes
configure:10641: checking for stdlib.h
configure:10641: result: yes
configure:10641: checking for string.h
configure:10641: result: yes
configure:10653: checking for stdbool.h that conforms to C99
configure:10728: gcc-5 -c -O3 -Wall -g  conftest.c >&5
conftest.c: In function 'main':
conftest.c:88:14: warning: the address of 's' will always evaluate as 'true' [-Waddress]
              bool e = &s;
              ^
conftest.c:92:22: warning: the address of 'a' will always evaluate as 'true' [-Waddress]
              return (!a + !b + !c + !d + !e + !f + !g + !h + !i + !!j + !k + !!l
                      ^
conftest.c:92:27: warning: the address of 'b' will always evaluate as 'true' [-Waddress]
              return (!a + !b + !c + !d + !e + !f + !g + !h + !i + !!j + !k + !!l
                           ^
conftest.c:92:32: warning: the address of 'c' will always evaluate as 'true' [-Waddress]
              return (!a + !b + !c + !d + !e + !f + !g + !h + !i + !!j + !k + !!l
                                ^
conftest.c:92:37: warning: the address of 'd' will always evaluate as 'true' [-Waddress]
              return (!a + !b + !c + !d + !e + !f + !g + !h + !i + !!j + !k + !!l
                                     ^
conftest.c:92:47: warning: the address of 'f' will always evaluate as 'true' [-Waddress]
              return (!a + !b + !c + !d + !e + !f + !g + !h + !i + !!j + !k + !!l
                                               ^
conftest.c:92:52: warning: the address of 'g' will always evaluate as 'true' [-Waddress]
              return (!a + !b + !c + !d + !e + !f + !g + !h + !i + !!j + !k + !!l
                                                    ^
conftest.c:92:57: warning: the address of 'h' will always evaluate as 'true' [-Waddress]
              return (!a + !b + !c + !d + !e + !f + !g + !h + !i + !!j + !k + !!l
                                                         ^
conftest.c:92:62: warning: the address of 'i' will always evaluate as 'true' [-Waddress]
              return (!a + !b + !c + !d + !e + !f + !g + !h + !i + !!j + !k + !!l
                                                              ^
conftest.c:93:29: warning: the address of 'n' will always evaluate as 'true' [-Waddress]
                             ^
conftest.c:93:34: warning: the address of 'o' will always evaluate as 'true' [-Waddress]
                                  ^
conftest.c:93:39: warning: the address of 'p' will always evaluate as 'true' [-Waddress]
                                       ^
configure:10728: $? = 0
configure:10735: result: yes
configure:10737: checking for _Bool
configure:10737: gcc-5 -c -O3 -Wall -g  conftest.c >&5
configure:10737: $? = 0
configure:10737: gcc-5 -c -O3 -Wall -g  conftest.c >&5
conftest.c: In function 'main':
conftest.c:75:20: error: expected expression before ')' token
 if (sizeof ((_Bool)))
                    ^
configure:10737: $? = 1
configure: failed program was:
| /* confdefs.h */
| #define PACKAGE_NAME "FULL-PACKAGE-NAME"
| #define PACKAGE_TARNAME "full-package-name"
| #define PACKAGE_VERSION "VERSION"
| #define PACKAGE_STRING "FULL-PACKAGE-NAME VERSION"
| #define PACKAGE_BUGREPORT "BUG-REPORT-ADDRESS"
| #define PACKAGE_URL ""
| #define PACKAGE "full-package-name"
| #define VERSION "VERSION"
| #define HAVE_OPENMP 1
| #define HAVE_MPI 1
| #define HAVE_OPENMP 1
| #define HAVE_MPI 1
| #define STDC_HEADERS 1
| #define HAVE_SYS_TYPES_H 1
| #define HAVE_SYS_STAT_H 1
| #define HAVE_STDLIB_H 1
| #define HAVE_STRING_H 1
| #define HAVE_MEMORY_H 1
| #define HAVE_STRINGS_H 1
| #define HAVE_INTTYPES_H 1
| #define HAVE_STDINT_H 1
| #define HAVE_UNISTD_H 1
| #define HAVE_BLAS 1
| #define FC_NAME_LOWER_USCORE 1
| #define STDCALL 
| #define STDC_HEADERS 1
| #define HAVE_STDLIB_H 1
| #define HAVE_STRING_H 1
| /* end confdefs.h.  */
| #include <stdio.h>
| #ifdef HAVE_SYS_TYPES_H
| # include <sys/types.h>
| #endif
| #ifdef HAVE_SYS_STAT_H
| # include <sys/stat.h>
| #endif
| #ifdef STDC_HEADERS
| # include <stdlib.h>
| # include <stddef.h>
| #else
| # ifdef HAVE_STDLIB_H
| #  include <stdlib.h>
| # endif
| #endif
| #ifdef HAVE_STRING_H
| # if !defined STDC_HEADERS && defined HAVE_MEMORY_H
| #  include <memory.h>
| # endif
| # include <string.h>
| #endif
| #ifdef HAVE_STRINGS_H
| # include <strings.h>
| #endif
| #ifdef HAVE_INTTYPES_H
| # include <inttypes.h>
| #endif
| #ifdef HAVE_STDINT_H
| # include <stdint.h>
| #endif
| #ifdef HAVE_UNISTD_H
| # include <unistd.h>
| #endif
| #ifdef F77_DUMMY_MAIN
| 
| #  ifdef __cplusplus
|      extern "C"
| #  endif
|    int F77_DUMMY_MAIN() { return 1; }
| 
| #endif
| int
| main ()
| {
| if (sizeof ((_Bool)))
| 	    return 0;
|   ;
|   return 0;
| }
configure:10737: result: yes
configure:10754: checking for an ANSI C-conforming const
configure:10828: gcc-5 -c -O3 -Wall -g  conftest.c >&5
configure:10828: $? = 0
configure:10835: result: yes
configure:10847: checking for stdlib.h
configure:10847: result: yes
configure:10857: checking for GNU libc compatible malloc
configure:10889: gcc-5 -o conftest -O3 -Wall -g   conftest.c  >&5
configure:10889: $? = 0
configure:10889: ./conftest
configure:10889: $? = 0
configure:10899: result: yes
configure:10923: checking for floor
configure:10923: gcc-5 -o conftest -O3 -Wall -g   conftest.c  >&5
conftest.c:58:6: warning: conflicting types for built-in function 'floor'
 char floor ();
      ^
configure:10923: $? = 0
configure:10923: result: yes
configure:10923: checking for memset
configure:10923: gcc-5 -o conftest -O3 -Wall -g   conftest.c  >&5
conftest.c:59:6: warning: conflicting types for built-in function 'memset'
 char memset ();
      ^
configure:10923: $? = 0
configure:10923: result: yes
configure:10923: checking for sqrt
configure:10923: gcc-5 -o conftest -O3 -Wall -g   conftest.c  >&5
conftest.c:60:6: warning: conflicting types for built-in function 'sqrt'
 char sqrt ();
      ^
configure:10923: $? = 0
configure:10923: result: yes
configure:10923: checking for strrchr
configure:10923: gcc-5 -o conftest -O3 -Wall -g   conftest.c  >&5
conftest.c:61:6: warning: conflicting types for built-in function 'strrchr'
 char strrchr ();
      ^
configure:10923: $? = 0
configure:10923: result: yes
configure:10923: checking for strtol
configure:10923: gcc-5 -o conftest -O3 -Wall -g   conftest.c  >&5
configure:10923: $? = 0
configure:10923: result: yes
configure:11012: checking for ZLIB
configure:11020: $PKG_CONFIG --exists --print-errors "zlib"
configure:11023: $? = 0
configure:11038: $PKG_CONFIG --exists --print-errors "zlib"
configure:11041: $? = 0
configure:11075: result: yes
configure:11302: checking for PNG
configure:11310: $PKG_CONFIG --exists --print-errors "libpng"
configure:11313: $? = 0
configure:11328: $PKG_CONFIG --exists --print-errors "libpng"
configure:11331: $? = 0
configure:11365: result: yes
configure:11385: checking for X
configure:11493: gcc-5 -E  conftest.c
conftest.c:40:22: fatal error: X11/Xlib.h: No such file or directory
compilation terminated.
configure:11493: $? = 1
configure: failed program was:
| /* confdefs.h */
| #define PACKAGE_NAME "FULL-PACKAGE-NAME"
| #define PACKAGE_TARNAME "full-package-name"
| #define PACKAGE_VERSION "VERSION"
| #define PACKAGE_STRING "FULL-PACKAGE-NAME VERSION"
| #define PACKAGE_BUGREPORT "BUG-REPORT-ADDRESS"
| #define PACKAGE_URL ""
| #define PACKAGE "full-package-name"
| #define VERSION "VERSION"
| #define HAVE_OPENMP 1
| #define HAVE_MPI 1
| #define HAVE_OPENMP 1
| #define HAVE_MPI 1
| #define STDC_HEADERS 1
| #define HAVE_SYS_TYPES_H 1
| #define HAVE_SYS_STAT_H 1
| #define HAVE_STDLIB_H 1
| #define HAVE_STRING_H 1
| #define HAVE_MEMORY_H 1
| #define HAVE_STRINGS_H 1
| #define HAVE_INTTYPES_H 1
| #define HAVE_STDINT_H 1
| #define HAVE_UNISTD_H 1
| #define HAVE_BLAS 1
| #define FC_NAME_LOWER_USCORE 1
| #define STDCALL 
| #define STDC_HEADERS 1
| #define HAVE_STDLIB_H 1
| #define HAVE_STRING_H 1
| #define HAVE__BOOL 1
| #define HAVE_STDBOOL_H 1
| #define HAVE_STDLIB_H 1
| #define HAVE_MALLOC 1
| #define HAVE_FLOOR 1
| #define HAVE_MEMSET 1
| #define HAVE_SQRT 1
| #define HAVE_STRRCHR 1
| #define HAVE_STRTOL 1
| /* end confdefs.h.  */
| #include <X11/Xlib.h>
configure:11532: gcc-5 -o conftest -O3 -Wall -g   conftest.c -lX11  >&5
conftest.c:40:22: fatal error: X11/Xlib.h: No such file or directory
compilation terminated.
configure:11532: $? = 1
configure: failed program was:
| /* confdefs.h */
| #define PACKAGE_NAME "FULL-PACKAGE-NAME"
| #define PACKAGE_TARNAME "full-package-name"
| #define PACKAGE_VERSION "VERSION"
| #define PACKAGE_STRING "FULL-PACKAGE-NAME VERSION"
| #define PACKAGE_BUGREPORT "BUG-REPORT-ADDRESS"
| #define PACKAGE_URL ""
| #define PACKAGE "full-package-name"
| #define VERSION "VERSION"
| #define HAVE_OPENMP 1
| #define HAVE_MPI 1
| #define HAVE_OPENMP 1
| #define HAVE_MPI 1
| #define STDC_HEADERS 1
| #define HAVE_SYS_TYPES_H 1
| #define HAVE_SYS_STAT_H 1
| #define HAVE_STDLIB_H 1
| #define HAVE_STRING_H 1
| #define HAVE_MEMORY_H 1
| #define HAVE_STRINGS_H 1
| #define HAVE_INTTYPES_H 1
| #define HAVE_STDINT_H 1
| #define HAVE_UNISTD_H 1
| #define HAVE_BLAS 1
| #define FC_NAME_LOWER_USCORE 1
| #define STDCALL 
| #define STDC_HEADERS 1
| #define HAVE_STDLIB_H 1
| #define HAVE_STRING_H 1
| #define HAVE__BOOL 1
| #define HAVE_STDBOOL_H 1
| #define HAVE_STDLIB_H 1
| #define HAVE_MALLOC 1
| #define HAVE_FLOOR 1
| #define HAVE_MEMSET 1
| #define HAVE_SQRT 1
| #define HAVE_STRRCHR 1
| #define HAVE_STRTOL 1
| /* end confdefs.h.  */
| #include <X11/Xlib.h>
| #ifdef F77_DUMMY_MAIN
| 
| #  ifdef __cplusplus
|      extern "C"
| #  endif
|    int F77_DUMMY_MAIN() { return 1; }
| 
| #endif
| int
| main ()
| {
| XrmInitialize ()
|   ;
|   return 0;
| }
configure:11582: result: libraries /usr/X11/lib, headers /usr/X11/include
configure:11602: checking whether -R must be followed by a space
configure:11626: gcc-5 -o conftest -O3 -Wall -g   conftest.c  -R/usr/X11/lib >&5
gcc-5: error: unrecognized command line option '-R'
configure:11626: $? = 1
configure: failed program was:
| /* confdefs.h */
| #define PACKAGE_NAME "FULL-PACKAGE-NAME"
| #define PACKAGE_TARNAME "full-package-name"
| #define PACKAGE_VERSION "VERSION"
| #define PACKAGE_STRING "FULL-PACKAGE-NAME VERSION"
| #define PACKAGE_BUGREPORT "BUG-REPORT-ADDRESS"
| #define PACKAGE_URL ""
| #define PACKAGE "full-package-name"
| #define VERSION "VERSION"
| #define HAVE_OPENMP 1
| #define HAVE_MPI 1
| #define HAVE_OPENMP 1
| #define HAVE_MPI 1
| #define STDC_HEADERS 1
| #define HAVE_SYS_TYPES_H 1
| #define HAVE_SYS_STAT_H 1
| #define HAVE_STDLIB_H 1
| #define HAVE_STRING_H 1
| #define HAVE_MEMORY_H 1
| #define HAVE_STRINGS_H 1
| #define HAVE_INTTYPES_H 1
| #define HAVE_STDINT_H 1
| #define HAVE_UNISTD_H 1
| #define HAVE_BLAS 1
| #define FC_NAME_LOWER_USCORE 1
| #define STDCALL 
| #define STDC_HEADERS 1
| #define HAVE_STDLIB_H 1
| #define HAVE_STRING_H 1
| #define HAVE__BOOL 1
| #define HAVE_STDBOOL_H 1
| #define HAVE_STDLIB_H 1
| #define HAVE_MALLOC 1
| #define HAVE_FLOOR 1
| #define HAVE_MEMSET 1
| #define HAVE_SQRT 1
| #define HAVE_STRRCHR 1
| #define HAVE_STRTOL 1
| /* end confdefs.h.  */
| 
| #ifdef F77_DUMMY_MAIN
| 
| #  ifdef __cplusplus
|      extern "C"
| #  endif
|    int F77_DUMMY_MAIN() { return 1; }
| 
| #endif
| int
| main ()
| {
| 
|   ;
|   return 0;
| }
configure:11651: gcc-5 -o conftest -O3 -Wall -g   conftest.c  -R /usr/X11/lib >&5
gcc-5: error: unrecognized command line option '-R'
configure:11651: $? = 1
configure: failed program was:
| /* confdefs.h */
| #define PACKAGE_NAME "FULL-PACKAGE-NAME"
| #define PACKAGE_TARNAME "full-package-name"
| #define PACKAGE_VERSION "VERSION"
| #define PACKAGE_STRING "FULL-PACKAGE-NAME VERSION"
| #define PACKAGE_BUGREPORT "BUG-REPORT-ADDRESS"
| #define PACKAGE_URL ""
| #define PACKAGE "full-package-name"
| #define VERSION "VERSION"
| #define HAVE_OPENMP 1
| #define HAVE_MPI 1
| #define HAVE_OPENMP 1
| #define HAVE_MPI 1
| #define STDC_HEADERS 1
| #define HAVE_SYS_TYPES_H 1
| #define HAVE_SYS_STAT_H 1
| #define HAVE_STDLIB_H 1
| #define HAVE_STRING_H 1
| #define HAVE_MEMORY_H 1
| #define HAVE_STRINGS_H 1
| #define HAVE_INTTYPES_H 1
| #define HAVE_STDINT_H 1
| #define HAVE_UNISTD_H 1
| #define HAVE_BLAS 1
| #define FC_NAME_LOWER_USCORE 1
| #define STDCALL 
| #define STDC_HEADERS 1
| #define HAVE_STDLIB_H 1
| #define HAVE_STRING_H 1
| #define HAVE__BOOL 1
| #define HAVE_STDBOOL_H 1
| #define HAVE_STDLIB_H 1
| #define HAVE_MALLOC 1
| #define HAVE_FLOOR 1
| #define HAVE_MEMSET 1
| #define HAVE_SQRT 1
| #define HAVE_STRRCHR 1
| #define HAVE_STRTOL 1
| /* end confdefs.h.  */
| 
| #ifdef F77_DUMMY_MAIN
| 
| #  ifdef __cplusplus
|      extern "C"
| #  endif
|    int F77_DUMMY_MAIN() { return 1; }
| 
| #endif
| int
| main ()
| {
| 
|   ;
|   return 0;
| }
configure:11656: result: neither works
configure:11705: gcc-5 -o conftest -O3 -Wall -g   conftest.c   -L/usr/X11/lib -lX11 >&5
configure:11705: $? = 0
configure:11819: checking for gethostbyname
configure:11819: gcc-5 -o conftest -O3 -Wall -g   conftest.c  >&5
configure:11819: $? = 0
configure:11819: result: yes
configure:11932: checking for connect
configure:11932: gcc-5 -o conftest -O3 -Wall -g   conftest.c  >&5
configure:11932: $? = 0
configure:11932: result: yes
configure:11989: checking for remove
configure:11989: gcc-5 -o conftest -O3 -Wall -g   conftest.c  >&5
configure:11989: $? = 0
configure:11989: result: yes
configure:12046: checking for shmat
configure:12046: gcc-5 -o conftest -O3 -Wall -g   conftest.c  >&5
configure:12046: $? = 0
configure:12046: result: yes
configure:12112: checking for IceConnectionNumber in -lICE
configure:12145: gcc-5 -o conftest -O3 -Wall -g   -L/usr/X11/lib conftest.c -lICE   >&5
configure:12145: $? = 0
configure:12154: result: yes
configure:12235: checking for gcc
configure:12251: found /usr/bin/gcc
configure:12262: result: gcc
configure:12287: checking for Objective C compiler version
configure:12296: gcc --version >&5
Apple LLVM version 9.0.0 (clang-900.0.39.2)
Target: x86_64-apple-darwin17.3.0
Thread model: posix
InstalledDir: /Applications/Xcode.app/Contents/Developer/Toolchains/XcodeDefault.xctoolchain/usr/bin
Configured with: --prefix=/Applications/Xcode.app/Contents/Developer/usr --with-gxx-include-dir=/usr/include/c++/4.2.1
configure:12307: $? = 0
configure:12296: gcc -v >&5
Configured with: --prefix=/Applications/Xcode.app/Contents/Developer/usr --with-gxx-include-dir=/usr/include/c++/4.2.1
Apple LLVM version 9.0.0 (clang-900.0.39.2)
Target: x86_64-apple-darwin17.3.0
Thread model: posix
InstalledDir: /Applications/Xcode.app/Contents/Developer/Toolchains/XcodeDefault.xctoolchain/usr/bin
configure:12307: $? = 0
configure:12296: gcc -V >&5
clang: error: argument to '-V' is missing (expected 1 value)
clang: error: no input files
configure:12307: $? = 1
configure:12296: gcc -qversion >&5
clang: error: unknown argument: '-qversion'
clang: error: no input files
configure:12307: $? = 1
configure:12311: checking whether we are using the GNU Objective C compiler
configure:12338: gcc -c   conftest.m >&5
configure:12338: $? = 0
configure:12347: result: yes
configure:12356: checking whether gcc accepts -g
configure:12384: gcc -c -g  conftest.m >&5
configure:12384: $? = 0
configure:12441: result: yes
configure:12466: checking dependency style of gcc
configure:12575: result: none
configure:12596: checking how to run the Objective C preprocessor
configure:12623: gcc -E  conftest.m
configure:12623: $? = 0
configure:12637: gcc -E  conftest.m
conftest.m:40:10: fatal error: 'ac_nonexistent.h' file not found
#include <ac_nonexistent.h>
         ^~~~~~~~~~~~~~~~~~
1 error generated.
configure:12637: $? = 1
configure: failed program was:
| /* confdefs.h */
| #define PACKAGE_NAME "FULL-PACKAGE-NAME"
| #define PACKAGE_TARNAME "full-package-name"
| #define PACKAGE_VERSION "VERSION"
| #define PACKAGE_STRING "FULL-PACKAGE-NAME VERSION"
| #define PACKAGE_BUGREPORT "BUG-REPORT-ADDRESS"
| #define PACKAGE_URL ""
| #define PACKAGE "full-package-name"
| #define VERSION "VERSION"
| #define HAVE_OPENMP 1
| #define HAVE_MPI 1
| #define HAVE_OPENMP 1
| #define HAVE_MPI 1
| #define STDC_HEADERS 1
| #define HAVE_SYS_TYPES_H 1
| #define HAVE_SYS_STAT_H 1
| #define HAVE_STDLIB_H 1
| #define HAVE_STRING_H 1
| #define HAVE_MEMORY_H 1
| #define HAVE_STRINGS_H 1
| #define HAVE_INTTYPES_H 1
| #define HAVE_STDINT_H 1
| #define HAVE_UNISTD_H 1
| #define HAVE_BLAS 1
| #define FC_NAME_LOWER_USCORE 1
| #define STDCALL 
| #define STDC_HEADERS 1
| #define HAVE_STDLIB_H 1
| #define HAVE_STRING_H 1
| #define HAVE__BOOL 1
| #define HAVE_STDBOOL_H 1
| #define HAVE_STDLIB_H 1
| #define HAVE_MALLOC 1
| #define HAVE_FLOOR 1
| #define HAVE_MEMSET 1
| #define HAVE_SQRT 1
| #define HAVE_STRRCHR 1
| #define HAVE_STRTOL 1
| /* end confdefs.h.  */
| #include <ac_nonexistent.h>
configure:12662: result: gcc -E
configure:12682: gcc -E  conftest.m
configure:12682: $? = 0
configure:12696: gcc -E  conftest.m
conftest.m:40:10: fatal error: 'ac_nonexistent.h' file not found
#include <ac_nonexistent.h>
         ^~~~~~~~~~~~~~~~~~
1 error generated.
configure:12696: $? = 1
configure: failed program was:
| /* confdefs.h */
| #define PACKAGE_NAME "FULL-PACKAGE-NAME"
| #define PACKAGE_TARNAME "full-package-name"
| #define PACKAGE_VERSION "VERSION"
| #define PACKAGE_STRING "FULL-PACKAGE-NAME VERSION"
| #define PACKAGE_BUGREPORT "BUG-REPORT-ADDRESS"
| #define PACKAGE_URL ""
| #define PACKAGE "full-package-name"
| #define VERSION "VERSION"
| #define HAVE_OPENMP 1
| #define HAVE_MPI 1
| #define HAVE_OPENMP 1
| #define HAVE_MPI 1
| #define STDC_HEADERS 1
| #define HAVE_SYS_TYPES_H 1
| #define HAVE_SYS_STAT_H 1
| #define HAVE_STDLIB_H 1
| #define HAVE_STRING_H 1
| #define HAVE_MEMORY_H 1
| #define HAVE_STRINGS_H 1
| #define HAVE_INTTYPES_H 1
| #define HAVE_STDINT_H 1
| #define HAVE_UNISTD_H 1
| #define HAVE_BLAS 1
| #define FC_NAME_LOWER_USCORE 1
| #define STDCALL 
| #define STDC_HEADERS 1
| #define HAVE_STDLIB_H 1
| #define HAVE_STRING_H 1
| #define HAVE__BOOL 1
| #define HAVE_STDBOOL_H 1
| #define HAVE_STDLIB_H 1
| #define HAVE_MALLOC 1
| #define HAVE_FLOOR 1
| #define HAVE_MEMSET 1
| #define HAVE_SQRT 1
| #define HAVE_STRRCHR 1
| #define HAVE_STRTOL 1
| /* end confdefs.h.  */
| #include <ac_nonexistent.h>
configure:12728: checking if aquaterm is wanted
configure:12745: result: no
configure:12917: result: AQUATERM_LIBS: -L/lib  -Wl,-framework -Wl,Foundation
configure:13428: checking for C++ compiler version
configure:13437: g++-5 --version >&5
g++-5 (Homebrew gcc 5.2.0) 5.2.0
Copyright (C) 2015 Free Software Foundation, Inc.
This is free software; see the source for copying conditions.  There is NO
warranty; not even for MERCHANTABILITY or FITNESS FOR A PARTICULAR PURPOSE.

configure:13448: $? = 0
configure:13437: g++-5 -v >&5
Using built-in specs.
COLLECT_GCC=g++-5
COLLECT_LTO_WRAPPER=/usr/local/Cellar/gcc/5.2.0/libexec/gcc/x86_64-apple-darwin14.4.0/5.2.0/lto-wrapper
Target: x86_64-apple-darwin14.4.0
Configured with: ../configure --build=x86_64-apple-darwin14.4.0 --prefix=/usr/local/Cellar/gcc/5.2.0 --libdir=/usr/local/Cellar/gcc/5.2.0/lib/gcc/5 --enable-languages=c,c++,objc,obj-c++,fortran --program-suffix=-5 --with-gmp=/usr/local/opt/gmp --with-mpfr=/usr/local/opt/mpfr --with-mpc=/usr/local/opt/libmpc --with-isl=/usr/local/opt/isl --with-system-zlib --enable-libstdcxx-time=yes --enable-stage1-checking --enable-checking=release --enable-lto --with-build-config=bootstrap-debug --disable-werror --with-pkgversion='Homebrew gcc 5.2.0' --with-bugurl=https://github.com/Homebrew/homebrew/issues --enable-plugin --disable-nls --enable-multilib
Thread model: posix
gcc version 5.2.0 (Homebrew gcc 5.2.0) 
configure:13448: $? = 0
configure:13437: g++-5 -V >&5
g++-5: error: unrecognized command line option '-V'
g++-5: fatal error: no input files
compilation terminated.
configure:13448: $? = 1
configure:13437: g++-5 -qversion >&5
g++-5: error: unrecognized command line option '-qversion'
g++-5: fatal error: no input files
compilation terminated.
configure:13448: $? = 1
configure:13452: checking whether we are using the GNU C++ compiler
configure:13479: g++-5 -c   conftest.cpp >&5
configure:13479: $? = 0
configure:13488: result: yes
configure:13497: checking whether g++-5 accepts -g
configure:13525: g++-5 -c -g  conftest.cpp >&5
configure:13525: $? = 0
configure:13582: result: yes
configure:13607: checking dependency style of g++-5
configure:13718: result: none
configure:13838: checking if pgplot is wanted
configure:13856: result: no
configure:13985: result: LIBS... ""
configure:13993: result: 
configure:13995: result: -----   Configuration summary   -------------------------------
configure:13997: result: 
configure:13999: result: host:        "x86_64-apple-darwin17.3.0"
configure:14001: result: host_alias:  ""
configure:14003: result: XL_FORTRAN:    ""
configure:14005: result: 
configure:14008: result: Use OpenMP ...        yes
configure:14015: result: Use Cocoa...          yes
configure:14022: result: Use X Window...       yes
configure:14028: result: 
configure:14031: result: Use BLAS ...          yes
configure:14037: result: 
configure:14043: result: Use FFTW3 ...          no
configure:14050: result: Use parallel HDF5 ...  no
configure:14053: result: 
configure:14056: result: Use zlib ...          yes
configure:14063: result: Use PNG output...     yes
configure:14069: result: 
configure:14072: result: Use GLUI...           yes
configure:14082: result: Use GTK2+...           no
configure:14089: result: Use PGPLOT...          no
configure:14093: result: Use Aquaterm...       yes
configure:14099: result: 
configure:14101: result: ---------------------------------------------------------------
configure:14103: result: 
configure:14255: checking that generated files are newer than configure
configure:14261: result: done
configure:14300: creating ./config.status

## ---------------------- ##
## Running config.status. ##
## ---------------------- ##

This file was extended by FULL-PACKAGE-NAME config.status VERSION, which was
generated by GNU Autoconf 2.69.  Invocation command line was

  CONFIG_FILES    = 
  CONFIG_HEADERS  = 
  CONFIG_LINKS    = 
  CONFIG_COMMANDS = 
  $ ./config.status 

on campus-004-212.ucdavis.edu

config.status:863: creating Makefile
config.status:1035: executing depfiles commands

## ---------------- ##
## Cache variables. ##
## ---------------- ##

_cv_gnu_make_command=make
ac_cv_build=x86_64-apple-darwin17.3.0
ac_cv_c_compiler_gnu=yes
ac_cv_c_const=yes
ac_cv_cxx_compiler_gnu=yes
ac_cv_env_CCC_set=
ac_cv_env_CCC_value=
ac_cv_env_CC_set=set
ac_cv_env_CC_value=gcc-5
ac_cv_env_CFLAGS_set=set
ac_cv_env_CFLAGS_value='-O3 -Wall -g'
ac_cv_env_CPPFLAGS_set=
ac_cv_env_CPPFLAGS_value=
ac_cv_env_CPP_set=
ac_cv_env_CPP_value=
ac_cv_env_CXXFLAGS_set=
ac_cv_env_CXXFLAGS_value=
ac_cv_env_CXX_set=set
ac_cv_env_CXX_value=g++-5
ac_cv_env_F77_set=set
ac_cv_env_F77_value=gfortran
ac_cv_env_FCFLAGS_set=set
ac_cv_env_FCFLAGS_value='-O3 -Wall -g -ffpe-trap=invalid,underflow,denormal -ffpe-summary=invalid,underflow,denormal'
ac_cv_env_FC_set=set
ac_cv_env_FC_value=gfortran
ac_cv_env_FFLAGS_set=
ac_cv_env_FFLAGS_value=
ac_cv_env_FFTW3_CFLAGS_set=
ac_cv_env_FFTW3_CFLAGS_value=
ac_cv_env_FFTW3_LIBS_set=
ac_cv_env_FFTW3_LIBS_value=
ac_cv_env_GTK2_CFLAGS_set=
ac_cv_env_GTK2_CFLAGS_value=
ac_cv_env_GTK2_LIBS_set=
ac_cv_env_GTK2_LIBS_value=
ac_cv_env_LDFLAGS_set=
ac_cv_env_LDFLAGS_value=
ac_cv_env_LIBS_set=
ac_cv_env_LIBS_value=
ac_cv_env_MPICC_set=
ac_cv_env_MPICC_value=
ac_cv_env_MPIFC_set=
ac_cv_env_MPIFC_value=
ac_cv_env_OBJCFLAGS_set=
ac_cv_env_OBJCFLAGS_value=
ac_cv_env_OBJCPP_set=
ac_cv_env_OBJCPP_value=
ac_cv_env_OBJC_set=
ac_cv_env_OBJC_value=
ac_cv_env_PKG_CONFIG_set=
ac_cv_env_PKG_CONFIG_value=
ac_cv_env_PNG_CFLAGS_set=
ac_cv_env_PNG_CFLAGS_value=
ac_cv_env_PNG_LIBS_set=
ac_cv_env_PNG_LIBS_value=
ac_cv_env_XMKMF_set=
ac_cv_env_XMKMF_value=
ac_cv_env_ZLIB_CFLAGS_set=
ac_cv_env_ZLIB_CFLAGS_value=
ac_cv_env_ZLIB_LIBS_set=
ac_cv_env_ZLIB_LIBS_value=
ac_cv_env_build_alias_set=
ac_cv_env_build_alias_value=
ac_cv_env_host_alias_set=
ac_cv_env_host_alias_value=
ac_cv_env_target_alias_set=
ac_cv_env_target_alias_value=
ac_cv_f77_compiler_gnu=yes
ac_cv_f77_dummy_main=none
ac_cv_f77_libs=' -L/usr/local/Cellar/gcc/5.2.0/lib/gcc/5/gcc/x86_64-apple-darwin14.4.0/5.2.0 -L/usr/local/Cellar/gcc/5.2.0/lib/gcc/5/gcc/x86_64-apple-darwin14.4.0/5.2.0/../../.. -lgfortran -lquadmath -lm'
ac_cv_f77_mangling='lower case, underscore, no extra underscore'
ac_cv_fc_compiler_gnu=yes
ac_cv_fortran_dummy_main=none
ac_cv_func_MPI_Init=yes
ac_cv_func_connect=yes
ac_cv_func_floor=yes
ac_cv_func_gethostbyname=yes
ac_cv_func_malloc_0_nonnull=yes
ac_cv_func_memset=yes
ac_cv_func_remove=yes
ac_cv_func_shmat=yes
ac_cv_func_sqrt=yes
ac_cv_func_strrchr=yes
ac_cv_func_strtol=yes
ac_cv_have_x='have_x=yes	ac_x_includes='\''/usr/X11/include'\''	ac_x_libraries='\''/usr/X11/lib'\'''
ac_cv_header_inttypes_h=yes
ac_cv_header_memory_h=yes
ac_cv_header_stdbool_h=yes
ac_cv_header_stdc=yes
ac_cv_header_stdint_h=yes
ac_cv_header_stdlib_h=yes
ac_cv_header_string_h=yes
ac_cv_header_strings_h=yes
ac_cv_header_sys_stat_h=yes
ac_cv_header_sys_types_h=yes
ac_cv_header_unistd_h=yes
ac_cv_host=x86_64-apple-darwin17.3.0
ac_cv_lib_ICE_IceConnectionNumber=yes
ac_cv_lib_atlas_ATL_xerbla=no
ac_cv_lib_blas_sgemm_=yes
ac_cv_lib_complib_sgimath_sgemm_=no
ac_cv_lib_cxml_sgemm_=no
ac_cv_lib_dgemm_dgemm_=no
ac_cv_lib_dxml_sgemm_=no
ac_cv_lib_essl_sgemm_=no
ac_cv_lib_mkl_gf_lp64_sgemm_=no
ac_cv_lib_mkl_sgemm_=no
ac_cv_lib_openblas_sgemm_=no
ac_cv_lib_scs_sgemm_=no
ac_cv_objc_compiler_gnu=yes
ac_cv_objext=o
ac_cv_path_EGREP='/usr/bin/grep -E'
ac_cv_path_GREP=/usr/bin/grep
ac_cv_path_SED=/usr/bin/sed
ac_cv_path_ac_pt_PKG_CONFIG=/opt/local/bin/pkg-config
ac_cv_path_install='/usr/bin/install -c'
ac_cv_prog_AWK=gawk
ac_cv_prog_CPP='gcc-5 -E'
ac_cv_prog_MPICC=mpicc
ac_cv_prog_MPIFC=mpif90
ac_cv_prog_OBJCPP='gcc -E'
ac_cv_prog_ac_ct_CC=gcc-5
ac_cv_prog_ac_ct_OBJC=gcc
ac_cv_prog_ac_ct_RANLIB='ranlib -c'
ac_cv_prog_cc_c89=
ac_cv_prog_cc_g=yes
ac_cv_prog_cxx_g=yes
ac_cv_prog_f77_g=yes
ac_cv_prog_f77_v=-v
ac_cv_prog_fc_g=yes
ac_cv_prog_make_make_set=yes
ac_cv_prog_objc_g=yes
ac_cv_type__Bool=yes
am_cv_CC_dependencies_compiler_type=none
am_cv_CXX_dependencies_compiler_type=none
am_cv_OBJC_dependencies_compiler_type=none
am_cv_make_support_nested_variables=yes
am_cv_prog_cc_c_o=yes
ax_cv_c_openmp=-fopenmp
ax_cv_fc_openmp=-fopenmp
pac_cv_prog_fc_name_mangle='lower underscore'
pac_cv_test_stdcall=
pkg_cv_PNG_CFLAGS=-I/usr/local/Cellar/libpng/1.6.21/include/libpng16
pkg_cv_PNG_LIBS='-L/usr/local/Cellar/libpng/1.6.21/lib -lpng16'
pkg_cv_ZLIB_CFLAGS=-I/opt/local/include
pkg_cv_ZLIB_LIBS='-L/opt/local/lib -lz'

## ----------------- ##
## Output variables. ##
## ----------------- ##

ACLOCAL='${SHELL} /Users/liaoyangguang/GitHub/Kemorin_MHD/missing aclocal-1.14'
AMDEPBACKSLASH='\'
AMDEP_FALSE='#'
AMDEP_TRUE=''
AMTAR='$${TAR-tar}'
AM_BACKSLASH='\'
AM_DEFAULT_V='$(AM_DEFAULT_VERBOSITY)'
AM_DEFAULT_VERBOSITY='1'
AM_V='$(V)'
AQUATERM_LIBS='-L/lib  -Wl,-framework -Wl,Foundation'
AUTOCONF='${SHELL} /Users/liaoyangguang/GitHub/Kemorin_MHD/missing autoconf'
AUTOHEADER='${SHELL} /Users/liaoyangguang/GitHub/Kemorin_MHD/missing autoheader'
AUTOMAKE='${SHELL} /Users/liaoyangguang/GitHub/Kemorin_MHD/missing automake-1.14'
AWK='gawk'
BLAS_LIBS='-lblas'
CC='gcc-5'
CCDEPMODE='depmode=none'
CFLAGS='-O3 -Wall -g'
COCOA_FLAG='-D__APPLE__'
CPP='gcc-5 -E'
CPPFLAGS=''
CXX='g++-5'
CXXDEPMODE='depmode=none'
CXXFLAGS='-g -O2'
CYGPATH_W='echo'
DEFS='-DPACKAGE_NAME=\"FULL-PACKAGE-NAME\" -DPACKAGE_TARNAME=\"full-package-name\" -DPACKAGE_VERSION=\"VERSION\" -DPACKAGE_STRING=\"FULL-PACKAGE-NAME\ VERSION\" -DPACKAGE_BUGREPORT=\"BUG-REPORT-ADDRESS\" -DPACKAGE_URL=\"\" -DPACKAGE=\"full-package-name\" -DVERSION=\"VERSION\" -DHAVE_OPENMP=1 -DHAVE_MPI=1 -DHAVE_OPENMP=1 -DHAVE_MPI=1 -DSTDC_HEADERS=1 -DHAVE_SYS_TYPES_H=1 -DHAVE_SYS_STAT_H=1 -DHAVE_STDLIB_H=1 -DHAVE_STRING_H=1 -DHAVE_MEMORY_H=1 -DHAVE_STRINGS_H=1 -DHAVE_INTTYPES_H=1 -DHAVE_STDINT_H=1 -DHAVE_UNISTD_H=1 -DHAVE_BLAS=1 -DFC_NAME_LOWER_USCORE=1 -DSTDCALL= -DSTDC_HEADERS=1 -DHAVE_STDLIB_H=1 -DHAVE_STRING_H=1 -DHAVE__BOOL=1 -DHAVE_STDBOOL_H=1 -DHAVE_STDLIB_H=1 -DHAVE_MALLOC=1 -DHAVE_FLOOR=1 -DHAVE_MEMSET=1 -DHAVE_SQRT=1 -DHAVE_STRRCHR=1 -DHAVE_STRTOL=1'
DEPDIR='.deps'
DFC_NAME_MANGLE='-DFC_NAME_LOWER_USCORE'
ECHO_C='\c'
ECHO_N=''
ECHO_T=''
EGREP='/usr/bin/grep -E'
EXEEXT=''
F77='gfortran'
FC='gfortran'
FCFLAGS='-O3 -Wall -g -ffpe-trap=invalid,underflow,denormal -ffpe-summary=invalid,underflow,denormal'
FC_NAME_MANGLE='FC_NAME_LOWER_USCORE'
FFLAGS='-g -O2'
FFTW3_CFLAGS=''
FFTW3_LIBS=''
FLIBS=' -L/usr/local/Cellar/gcc/5.2.0/lib/gcc/5/gcc/x86_64-apple-darwin14.4.0/5.2.0 -L/usr/local/Cellar/gcc/5.2.0/lib/gcc/5/gcc/x86_64-apple-darwin14.4.0/5.2.0/../../.. -lgfortran -lquadmath -lm'
GL_CFLAGS=''
GL_INC='-I/usr/X11/include'
GL_LIBS='-framework GLUT -framework OpenGL  -framework Cocoa'
GMAKE='make'
GREP='/usr/bin/grep'
GTK2_CFLAGS=''
GTK2_LIBS=''
H5CC=''
H5FC=''
H5PFC=''
HAVE_LIBAQUATERM=''
HAVE_LIBPGPLOT=''
HDF5_CC=''
HDF5_CFLAGS=''
HDF5_CPPFLAGS=''
HDF5_FC=''
HDF5_FFLAGS=''
HDF5_FLIBS=''
HDF5_H5PFC=''
HDF5_LDFLAGS=''
HDF5_LIBS=''
HDF5_PFLIBS=''
HDF5_VERSION=''
INSTALL_DATA='${INSTALL} -m 644'
INSTALL_PROGRAM='${INSTALL}'
INSTALL_SCRIPT='${INSTALL}'
INSTALL_STRIP_PROGRAM='$(install_sh) -c -s'
LDFLAGS=''
LIBOBJS=''
LIBS=''
LTLIBOBJS=''
MAKEINFO='${SHELL} /Users/liaoyangguang/GitHub/Kemorin_MHD/missing makeinfo'
MKDIR_P='./install-sh -c -d'
MPICC='mpicc'
MPIDIR=''
MPIFC='mpif90'
MPIINCDIR=''
MPILIBS=' '
OBJC='gcc'
OBJCDEPMODE='depmode=none'
OBJCFLAGS='-g -O2'
OBJCPP='gcc -E'
OBJEXT='o'
OPENMP_CFLAGS='-fopenmp'
OPENMP_FCFLAGS='-fopenmp'
PACKAGE='full-package-name'
PACKAGE_BUGREPORT='BUG-REPORT-ADDRESS'
PACKAGE_NAME='FULL-PACKAGE-NAME'
PACKAGE_STRING='FULL-PACKAGE-NAME VERSION'
PACKAGE_TARNAME='full-package-name'
PACKAGE_URL=''
PACKAGE_VERSION='VERSION'
PATH_SEPARATOR=':'
PGPLOT_LIBS=''
PKGFLAGS_GTK=''
PKGFLAGS_PNG='png'
PKGFLAGS_ZLIB='z'
PKG_CONFIG='/opt/local/bin/pkg-config'
PNG_CFLAGS='-I/usr/local/Cellar/libpng/1.6.21/include/libpng16'
PNG_LIBS='-L/usr/local/Cellar/libpng/1.6.21/lib -lpng16'
RANLIB='ranlib -c'
SED='/usr/bin/sed'
SET_MAKE=''
SHELL='/bin/sh'
STRIP=''
VERSION='VERSION'
XL_FORTRAN=''
XMKMF=''
X_CFLAGS=' -I/usr/X11/include'
X_EXTRA_LIBS=''
X_LIBS='-L/usr/X11/lib -lX11'
X_PRE_LIBS=' -lSM -lICE'
ZLIB_CFLAGS='-I/opt/local/include'
ZLIB_LIBS='-L/opt/local/lib -lz'
ac_ct_CC='gcc-5'
ac_ct_CXX=''
ac_ct_F77=''
ac_ct_FC=''
ac_ct_OBJC='gcc'
am__EXEEXT_FALSE=''
am__EXEEXT_TRUE='#'
am__fastdepCC_FALSE=''
am__fastdepCC_TRUE='#'
am__fastdepCXX_FALSE=''
am__fastdepCXX_TRUE='#'
am__fastdepOBJC_FALSE=''
am__fastdepOBJC_TRUE='#'
am__include='include'
am__isrc=''
am__leading_dot='.'
am__nodep='_no'
am__quote=''
am__tar='$${TAR-tar} chof - "$$tardir"'
am__untar='$${TAR-tar} xf -'
ar_bin='ar'
bindir='${exec_prefix}/bin'
build='x86_64-apple-darwin17.3.0'
build_alias=''
build_cpu='x86_64'
build_os='darwin17.3.0'
build_vendor='apple'
datadir='${datarootdir}'
datarootdir='${prefix}/share'
docdir='${datarootdir}/doc/${PACKAGE_TARNAME}'
dvidir='${docdir}'
exec_prefix='${prefix}'
host='x86_64-apple-darwin17.3.0'
host_alias=''
host_cpu='x86_64'
host_os='darwin17.3.0'
host_vendor='apple'
htmldir='${docdir}'
ifGNUmake=''
includedir='${prefix}/include'
infodir='${datarootdir}/info'
install_sh='${SHELL} /Users/liaoyangguang/GitHub/Kemorin_MHD/install-sh'
libdir='${exec_prefix}/lib'
libexecdir='${exec_prefix}/libexec'
localedir='${datarootdir}/locale'
localstatedir='${prefix}/var'
mandir='${datarootdir}/man'
mkdir_p='$(MKDIR_P)'
oldincludedir='/usr/include'
pdfdir='${docdir}'
prefix='/Users/liaoyangguang/GitHub/Kemorin_MHD'
program_transform_name='s,x,x,'
psdir='${docdir}'
sbindir='${exec_prefix}/sbin'
sharedstatedir='${prefix}/com'
sysconfdir='${prefix}/etc'
target_alias=''

## ----------- ##
## confdefs.h. ##
## ----------- ##

/* confdefs.h */
#define PACKAGE_NAME "FULL-PACKAGE-NAME"
#define PACKAGE_TARNAME "full-package-name"
#define PACKAGE_VERSION "VERSION"
#define PACKAGE_STRING "FULL-PACKAGE-NAME VERSION"
#define PACKAGE_BUGREPORT "BUG-REPORT-ADDRESS"
#define PACKAGE_URL ""
#define PACKAGE "full-package-name"
#define VERSION "VERSION"
#define HAVE_OPENMP 1
#define HAVE_MPI 1
#define HAVE_OPENMP 1
#define HAVE_MPI 1
#define STDC_HEADERS 1
#define HAVE_SYS_TYPES_H 1
#define HAVE_SYS_STAT_H 1
#define HAVE_STDLIB_H 1
#define HAVE_STRING_H 1
#define HAVE_MEMORY_H 1
#define HAVE_STRINGS_H 1
#define HAVE_INTTYPES_H 1
#define HAVE_STDINT_H 1
#define HAVE_UNISTD_H 1
#define HAVE_BLAS 1
#define FC_NAME_LOWER_USCORE 1
#define STDCALL 
#define STDC_HEADERS 1
#define HAVE_STDLIB_H 1
#define HAVE_STRING_H 1
#define HAVE__BOOL 1
#define HAVE_STDBOOL_H 1
#define HAVE_STDLIB_H 1
#define HAVE_MALLOC 1
#define HAVE_FLOOR 1
#define HAVE_MEMSET 1
#define HAVE_SQRT 1
#define HAVE_STRRCHR 1
#define HAVE_STRTOL 1

configure: exit 0
